#
# A fatal error has been detected by the Java Runtime Environment:
#
#  SIGSEGV (0xb) at pc=0x0000000140e76098, pid=34497, tid=0x0000000000000203
#
# JRE version: Java(TM) SE Runtime Environment (8.0_291-b10) (build 1.8.0_291-b10)
# Java VM: Java HotSpot(TM) 64-Bit Server VM (25.291-b10 mixed mode bsd-amd64 compressed oops)
# Problematic frame:
# C  [libmxnet.dylib+0xe098]  _ZNK5mxnet6TShape4SizeEv+0xd8
#
# Failed to write core dump. Core dumps have been disabled. To enable core dumping, try "ulimit -c unlimited" before starting Java again
#
# If you would like to submit a bug report, please visit:
#   http://bugreport.java.com/bugreport/crash.jsp
# The crash happened outside the Java Virtual Machine in native code.
# See problematic frame for where to report the bug.
#

---------------  T H R E A D  ---------------

Current thread (0x00007ff1428b5000):  JavaThread "JavaFX Application Thread" [_thread_in_native, id=515, stack(0x000000030ce62000,0x000000030d662000)]

siginfo: si_signo: 11 (SIGSEGV), si_code: 2 (SEGV_ACCERR), si_addr: 0x0000000000000000

Registers:
RAX=0x0000000000000144, RBX=0x0000000000000001, RCX=0x357c29333a9900af, RDX=0x000000030d65a364
RSP=0x000000030d65a4b0, RBP=0x000000030d65a600, RSI=0x000000030d65a370, RDI=0x000000030d65a368
R8 =0x0000000000005233, R9 =0x0000000000005234, R10=0x00000000fff7ffff, R11=0x00007ff1424d5200
R12=0x000000030d65a4b8, R13=0x0000000147801aed, R14=0x0000000000000000, R15=0x0000000000000a20
RIP=0x0000000140e76098, EFLAGS=0x0000000000000283, ERR=0x0000000000000004
  TRAPNO=0x000000000000000e

Top of Stack: (sp=0x000000030d65a4b0)
0x000000030d65a4b0:   0000000000000000 0000000000000002
0x000000030d65a4c0:   000000010ccdba00 000000010ccde200
0x000000030d65a4d0:   000000030d65a570 00007fff20199876
0x000000030d65a4e0:   0000000000000004 0000000147af0000
0x000000030d65a4f0:   0000000147afeff8 000000030d65a538
0x000000030d65a500:   0000000147afefc0 000000030d65a580
0x000000030d65a510:   000000030d65a570 0000000141087802
0x000000030d65a520:   000000000d65a530 850ad0abeca9c84e
0x000000030d65a530:   000000010ccd6080 000000044241df90
0x000000030d65a540:   0000000000000002 0000000000000018
0x000000030d65a550:   0000000000000018 0000000000000000
0x000000030d65a560:   0000000000000000 000000010ccd2000
0x000000030d65a570:   000000030d65a5a0 00007fff20198793
0x000000030d65a580:   0000000000000018 0000000000000018
0x000000030d65a590:   0000000000000001 00007fff889c4000
0x000000030d65a5a0:   000000030d65a5e0 00007fff201b1dfe
0x000000030d65a5b0:   0000000000000000 0000000000000018
0x000000030d65a5c0:   000000030d65a810 0000000000000000
0x000000030d65a5d0:   357c29333a9900af 0000000000000000
0x000000030d65a5e0:   000000030d65a810 00007ff0f2757500
0x000000030d65a5f0:   0000000000000003 00007ff0f274eae0
0x000000030d65a600:   000000030d65a7b0 0000000140f0e92f
0x000000030d65a610:   000000030d65a86c 000000030d65a868
0x000000030d65a620:   0000000000000003 00007ff0f274eae0
0x000000030d65a630:   0000000000000003 000000030d65a810
0x000000030d65a640:   0000000000000000 000000030d65a870
0x000000030d65a650:   00007ff0f25fa050 0000000000000000
0x000000030d65a660:   000000030d65a830 000000030d65a8a0
0x000000030d65a670:   00007ff1424b7a31 00007ff1424b7a31
0x000000030d65a680:   000000030d65a770 850ad0abeca9c84e
0x000000030d65a690:   000000030d65a6f0 0000000140f14e7a
0x000000030d65a6a0:   00007ff1428b5000 0000000000000007 

Instructions: (pc=0x0000000140e76098)
0x0000000140e76078:   4d 8d 3c c6 bb 01 00 00 00 4d 39 fe 0f 84 a0 00
0x0000000140e76088:   00 00 4c 8d a5 b8 fe ff ff 4c 8d 2d 55 ba 98 06
0x0000000140e76098:   49 8b 3e e8 80 02 00 00 84 c0 74 25 66 2e 0f 1f
0x0000000140e760a8:   84 00 00 00 00 00 66 90 49 0f af 1e 49 83 c6 08 

Register to memory mapping:

RAX=0x0000000000000144 is an unknown value
RBX=0x0000000000000001 is an unknown value
RCX=0x357c29333a9900af is an unknown value
RDX=0x000000030d65a364 is pointing into the stack for thread: 0x00007ff1428b5000
RSP=0x000000030d65a4b0 is pointing into the stack for thread: 0x00007ff1428b5000
RBP=0x000000030d65a600 is pointing into the stack for thread: 0x00007ff1428b5000
RSI=0x000000030d65a370 is pointing into the stack for thread: 0x00007ff1428b5000
RDI=0x000000030d65a368 is pointing into the stack for thread: 0x00007ff1428b5000
R8 =0x0000000000005233 is an unknown value
R9 =0x0000000000005234 is an unknown value
R10=0x00000000fff7ffff is an unknown value
R11=0x00007ff1424d5200 is an unknown value
R12=0x000000030d65a4b8 is pointing into the stack for thread: 0x00007ff1428b5000
R13=0x0000000147801aed: GCC_except_table13+0x805 in /Users/callumkindred/.djl.ai/mxnet/1.7.0-backport-mkl-osx-x86_64/libmxnet.dylib at 0x0000000140e68000
R14=0x0000000000000000 is an unknown value
R15=0x0000000000000a20 is an unknown value


Stack: [0x000000030ce62000,0x000000030d662000],  sp=0x000000030d65a4b0,  free space=8161k
Native frames: (J=compiled Java code, j=interpreted, Vv=VM code, C=native code)
C  [libmxnet.dylib+0xe098]  _ZNK5mxnet6TShape4SizeEv+0xd8
C  [libmxnet.dylib+0xa692f]  _Z18SetNDInputsOutputsPKN4nnvm2OpEPNSt3__16vectorIPN5mxnet7NDArrayENS3_9allocatorIS7_EEEESB_iPKPvPiiiPPSC_+0xff
C  [libmxnet.dylib+0xa727c]  _Z22MXImperativeInvokeImplPviPS_PiPS0_iPPKcS5_+0x16c
C  [libmxnet.dylib+0xa85cd]  MXImperativeInvokeEx+0xcd
C  [jna3665869031761516374.tmp+0xde74]  ffi_call_unix64+0x4c
C  0x000000030d65b558

Java frames: (J=compiled Java code, j=interpreted, Vv=VM code)
J 2265  com.sun.jna.Native.invokeInt(Lcom/sun/jna/Function;JI[Ljava/lang/Object;)I (0 bytes) @ 0x0000000112f7a4e9 [0x0000000112f7a480+0x69]
J 3314 C2 com.sun.jna.Function.invoke([Ljava/lang/Object;Ljava/lang/Class;ZI)Ljava/lang/Object; (769 bytes) @ 0x0000000113797b6c [0x0000000113797a40+0x12c]
J 3095 C2 com.sun.jna.Function.invoke(Ljava/lang/reflect/Method;[Ljava/lang/Class;Ljava/lang/Class;[Ljava/lang/Object;Ljava/util/Map;)Ljava/lang/Object; (548 bytes) @ 0x00000001136de428 [0x00000001136ddba0+0x888]
J 3369 C2 com.sun.jna.Library$Handler.invoke(Ljava/lang/Object;Ljava/lang/reflect/Method;[Ljava/lang/Object;)Ljava/lang/Object; (394 bytes) @ 0x00000001137d0158 [0x00000001137cfd20+0x438]
J 3082 C1 com.sun.proxy.$Proxy6.MXImperativeInvokeEx(Lcom/sun/jna/Pointer;ILai/djl/mxnet/jna/PointerArray;Ljava/nio/IntBuffer;Lcom/sun/jna/ptr/PointerByReference;I[Ljava/lang/String;[Ljava/lang/String;Lcom/sun/jna/ptr/PointerByReference;)I (89 bytes) @ 0x00000001136c3da4 [0x00000001136c2d80+0x1024]
J 3162 C1 ai.djl.mxnet.jna.JnaUtils.imperativeInvoke(Lcom/sun/jna/Pointer;Lai/djl/mxnet/jna/PointerArray;Lcom/sun/jna/ptr/PointerByReference;Lai/djl/util/PairList;)Lai/djl/util/PairList; (194 bytes) @ 0x00000001137086ac [0x0000000113707060+0x164c]
J 3003 C1 ai.djl.mxnet.jna.FunctionInfo.invoke(Lai/djl/mxnet/engine/MxNDManager;Lai/djl/mxnet/jna/PointerArray;Lai/djl/util/PairList;)[Lai/djl/ndarray/NDArray; (52 bytes) @ 0x000000011367e1f4 [0x000000011367db80+0x674]
J 3895 C1 ai.djl.mxnet.engine.MxNDArrayEx.linear(Lai/djl/ndarray/NDArray;Lai/djl/ndarray/NDArray;Lai/djl/ndarray/NDArray;)Lai/djl/ndarray/NDList; (93 bytes) @ 0x00000001139add7c [0x00000001139abfe0+0x1d9c]
J 3706 C1 ai.djl.nn.core.Linear.forward(Lai/djl/training/ParameterStore;Lai/djl/ndarray/NDList;ZLai/djl/util/PairList;)Lai/djl/ndarray/NDList; (51 bytes) @ 0x00000001139134c4 [0x0000000113913120+0x3a4]
J 3325 C1 ai.djl.nn.Block.forward(Lai/djl/training/ParameterStore;Lai/djl/ndarray/NDList;Z)Lai/djl/ndarray/NDList; (11 bytes) @ 0x000000011379624c [0x0000000113796140+0x10c]
J 4128 C1 ai.djl.nn.SequentialBlock.forward(Lai/djl/training/ParameterStore;Lai/djl/ndarray/NDList;ZLai/djl/util/PairList;)Lai/djl/ndarray/NDList; (58 bytes) @ 0x00000001139e7d0c [0x00000001139e78e0+0x42c]
J 4125 C1 sample.ai.imported.agent.QAgent.chooseAction(Lsample/ai/imported/RlEnv;Z)Lai/djl/ndarray/NDList; (85 bytes) @ 0x00000001139e87ec [0x00000001139e84e0+0x30c]
J 4305 C1 sample.ai.imported.agent.EpsilonGreedy.chooseAction(Lsample/ai/imported/RlEnv;Z)Lai/djl/ndarray/NDList; (64 bytes) @ 0x0000000113a7a5d4 [0x0000000113a79ac0+0xb14]
J 4070 C1 sample.ai.GameEnv.runEnvironment(Lsample/ai/imported/agent/RlAgent;Z)[Lsample/ai/imported/RlEnv$Step; (83 bytes) @ 0x00000001132c17ac [0x00000001132c15a0+0x20c]
J 4304 C1 sample.ai.TrainCar$1.handle(J)V (27 bytes) @ 0x0000000113a6bf6c [0x0000000113a6be80+0xec]
J 4302 C1 javafx.animation.AnimationTimer$AnimationTimerReceiver$$Lambda$232.run()Ljava/lang/Object; (12 bytes) @ 0x0000000113a6c8e4 [0x0000000113a6c780+0x164]
v  ~StubRoutines::call_stub
J 1405  java.security.AccessController.doPrivileged(Ljava/security/PrivilegedAction;Ljava/security/AccessControlContext;)Ljava/lang/Object; (0 bytes) @ 0x000000011330dca3 [0x000000011330dc40+0x63]
J 4068 C1 javafx.animation.AnimationTimer$AnimationTimerReceiver.handle(J)V (39 bytes) @ 0x00000001132fd474 [0x00000001132fd060+0x414]
J 4234 C1 com.sun.scenario.animation.AbstractPrimaryTimer.timePulseImpl(J)V (157 bytes) @ 0x0000000113a4ecfc [0x0000000113a4e920+0x3dc]
J 3953 C1 com.sun.scenario.animation.AbstractPrimaryTimer$MainLoop.run()V (61 bytes) @ 0x0000000113350f64 [0x0000000113350c60+0x304]
J 3889 C1 com.sun.javafx.tk.quantum.QuantumToolkit.pulse(Z)V (152 bytes) @ 0x000000011399d864 [0x000000011399c980+0xee4]
J 3900 C1 com.sun.javafx.tk.quantum.QuantumToolkit$$Lambda$44.run()V (8 bytes) @ 0x00000001139b1a1c [0x00000001139b1740+0x2dc]
J 4147 C1 com.sun.glass.ui.InvokeLaterDispatcher$Future.run()V (91 bytes) @ 0x00000001139f6c54 [0x00000001139f6b40+0x114]
v  ~StubRoutines::call_stub

---------------  P R O C E S S  ---------------

Java Threads: ( => current thread )
  0x00007ff143536800 JavaThread "Timer-0" [_thread_blocked, id=90075, stack(0x000000030fb84000,0x000000030fc84000)]
  0x00007ff142be5000 JavaThread "Thread-13" [_thread_in_vm, id=93231, stack(0x000000030fa81000,0x000000030fb81000)]
  0x00007ff14328a800 JavaThread "PulseTimer-CVDisplayLink thread" daemon [_thread_in_native, id=27147, stack(0x000000030edbf000,0x000000030ee3f000)]
  0x00007ff142ac9000 JavaThread "Direct Clip" daemon [_thread_blocked, id=58899, stack(0x000000030f469000,0x000000030f569000)]
  0x00007ff143284000 JavaThread "Thread-9" [_thread_in_Java, id=27423, stack(0x000000030f8fb000,0x000000030f9fb000)]
  0x00007ff14328e800 JavaThread "Java Sound Event Dispatcher" daemon [_thread_blocked, id=168199, stack(0x000000030f672000,0x000000030f772000)]
  0x00007ff14421b800 JavaThread "Attach Listener" daemon [_thread_blocked, id=51463, stack(0x000000030f366000,0x000000030f466000)]
  0x00007ff14292c800 JavaThread "Prism Font Disposer" daemon [_thread_blocked, id=55611, stack(0x000000030f263000,0x000000030f363000)]
  0x00007ff14292c000 JavaThread "JavaFX-Launcher" [_thread_blocked, id=54427, stack(0x000000030f160000,0x000000030f260000)]
=>0x00007ff1428b5000 JavaThread "JavaFX Application Thread" [_thread_in_native, id=515, stack(0x000000030ce62000,0x000000030d662000)]
  0x00007ff1428b9000 JavaThread "Thread-1" daemon [_thread_blocked, id=33643, stack(0x000000030ef57000,0x000000030f057000)]
  0x00007ff142888800 JavaThread "QuantumRenderer-0" daemon [_thread_blocked, id=39219, stack(0x000000030ec33000,0x000000030ed33000)]
  0x00007ff14313f000 JavaThread "Service Thread" daemon [_thread_blocked, id=40471, stack(0x000000030ea2d000,0x000000030eb2d000)]
  0x00007ff143126000 JavaThread "C1 CompilerThread3" daemon [_thread_blocked, id=41731, stack(0x000000030e92a000,0x000000030ea2a000)]
  0x00007ff143125000 JavaThread "C2 CompilerThread2" daemon [_thread_blocked, id=41987, stack(0x000000030e827000,0x000000030e927000)]
  0x00007ff143124000 JavaThread "C2 CompilerThread1" daemon [_thread_blocked, id=22787, stack(0x000000030e724000,0x000000030e824000)]
  0x00007ff143123800 JavaThread "C2 CompilerThread0" daemon [_thread_blocked, id=42755, stack(0x000000030e621000,0x000000030e721000)]
  0x00007ff144036000 JavaThread "Monitor Ctrl-Break" daemon [_thread_in_native, id=22539, stack(0x000000030e51e000,0x000000030e61e000)]
  0x00007ff144032800 JavaThread "Signal Dispatcher" daemon [_thread_blocked, id=43267, stack(0x000000030e41b000,0x000000030e51b000)]
  0x00007ff143038000 JavaThread "Finalizer" daemon [_thread_blocked, id=16927, stack(0x000000030e207000,0x000000030e307000)]
  0x00007ff143013000 JavaThread "Reference Handler" daemon [_thread_blocked, id=17443, stack(0x000000030e104000,0x000000030e204000)]
  0x00007ff14300f800 JavaThread "main" [_thread_blocked, id=9731, stack(0x000000030d6e6000,0x000000030d7e6000)]

Other Threads:
  0x00007ff14381b800 VMThread [stack: 0x000000030e001000,0x000000030e101000] [id=17923]
  0x00007ff143047000 WatcherThread [stack: 0x000000030eb30000,0x000000030ec30000] [id=23555]

VM state:not at safepoint (normal execution)

VM Mutex/Monitor currently owned by a thread: None

heap address: 0x0000000740000000, size: 2048 MB, Compressed Oops mode: Zero based, Oop shift amount: 3
Narrow klass base: 0x0000000000000000, Narrow klass shift: 3
Compressed class space size: 1073741824 Address: 0x00000007c0000000

Heap:
 PSYoungGen      total 88064K, used 14129K [0x0000000795580000, 0x00000007ba180000, 0x00000007c0000000)
  eden space 87552K, 15% used [0x0000000795580000,0x0000000796304610,0x000000079ab00000)
  from space 512K, 56% used [0x00000007ba080000,0x00000007ba0c8000,0x00000007ba100000)
  to   space 512K, 0% used [0x00000007ba100000,0x00000007ba100000,0x00000007ba180000)
 ParOldGen       total 59392K, used 24151K [0x0000000740000000, 0x0000000743a00000, 0x0000000795580000)
  object space 59392K, 40% used [0x0000000740000000,0x0000000741795f38,0x0000000743a00000)
 Metaspace       used 21761K, capacity 22636K, committed 22784K, reserved 1069056K
  class space    used 2718K, capacity 2953K, committed 3072K, reserved 1048576K

Card table byte_map: [0x000000012219e000,0x000000012259f000] byte_map_base: 0x000000011e79e000

Marking Bits: (ParMarkBitMap*) 0x0000000111723288
 Begin Bits: [0x000000012284a000, 0x000000012484a000)
 End Bits:   [0x000000012484a000, 0x000000012684a000)

Polling page: 0x000000010cdb1000

CodeCache: size=245760Kb used=13006Kb max_used=13261Kb free=232753Kb
 bounds [0x0000000112dde000, 0x0000000113aee000, 0x0000000121dde000]
 total_blobs=4733 nmethods=3985 adapters=660
 compilation: enabled

Compilation events (10 events):
Event: 49.243 Thread 0x00007ff143123800 4493       4       javafx.scene.Node::impl_pickNodeLocal (8 bytes)
Event: 49.247 Thread 0x00007ff143123800 nmethod 4493 0x000000011352f990 code [0x000000011352fb60, 0x0000000113530150]
Event: 49.275 Thread 0x00007ff143124000 4494       4       com.sun.prism.impl.BaseTexture::isSurfaceLost (16 bytes)
Event: 49.276 Thread 0x00007ff143124000 nmethod 4494 0x000000011345b0d0 code [0x000000011345b220, 0x000000011345b2d8]
Event: 49.291 Thread 0x00007ff143125000 4495       4       com.sun.jna.Pointer::read (74 bytes)
Event: 49.292 Thread 0x00007ff143123800 4496       4       java.util.HashSet::add (20 bytes)
Event: 49.292 Thread 0x00007ff143126000 4497       3       com.sun.javafx.geom.Path2D::pointCrossings (394 bytes)
Event: 49.293 Thread 0x00007ff143126000 nmethod 4497 0x00000001133ebb90 code [0x00000001133ebd80, 0x00000001133ec798]
Event: 49.293 Thread 0x00007ff143125000 nmethod 4495 0x0000000113503450 code [0x00000001135035c0, 0x0000000113503828]
Event: 49.297 Thread 0x00007ff143123800 nmethod 4496 0x000000011338fcd0 code [0x000000011338fec0, 0x0000000113390670]

GC Heap History (10 events):
Event: 48.812 GC heap before
{Heap before GC invocations=430 (full 1):
 PSYoungGen      total 69120K, used 68864K [0x0000000795580000, 0x00000007ba180000, 0x00000007c0000000)
  eden space 68608K, 100% used [0x0000000795580000,0x0000000799880000,0x0000000799880000)
  from space 512K, 50% used [0x00000007ba100000,0x00000007ba140000,0x00000007ba180000)
  to   space 512K, 0% used [0x00000007ba080000,0x00000007ba080000,0x00000007ba100000)
 ParOldGen       total 59392K, used 23933K [0x0000000740000000, 0x0000000743a00000, 0x0000000795580000)
  object space 59392K, 40% used [0x0000000740000000,0x000000074175f4e8,0x0000000743a00000)
 Metaspace       used 21758K, capacity 22636K, committed 22784K, reserved 1069056K
  class space    used 2717K, capacity 2953K, committed 3072K, reserved 1048576K
Event: 48.814 GC heap after
Heap after GC invocations=430 (full 1):
 PSYoungGen      total 81920K, used 256K [0x0000000795580000, 0x00000007ba180000, 0x00000007c0000000)
  eden space 81408K, 0% used [0x0000000795580000,0x0000000795580000,0x000000079a500000)
  from space 512K, 50% used [0x00000007ba080000,0x00000007ba0c0000,0x00000007ba100000)
  to   space 512K, 0% used [0x00000007ba100000,0x00000007ba100000,0x00000007ba180000)
 ParOldGen       total 59392K, used 23973K [0x0000000740000000, 0x0000000743a00000, 0x0000000795580000)
  object space 59392K, 40% used [0x0000000740000000,0x00000007417694e8,0x0000000743a00000)
 Metaspace       used 21758K, capacity 22636K, committed 22784K, reserved 1069056K
  class space    used 2717K, capacity 2953K, committed 3072K, reserved 1048576K
}
Event: 48.926 GC heap before
{Heap before GC invocations=431 (full 1):
 PSYoungGen      total 81920K, used 81664K [0x0000000795580000, 0x00000007ba180000, 0x00000007c0000000)
  eden space 81408K, 100% used [0x0000000795580000,0x000000079a500000,0x000000079a500000)
  from space 512K, 50% used [0x00000007ba080000,0x00000007ba0c0000,0x00000007ba100000)
  to   space 512K, 0% used [0x00000007ba100000,0x00000007ba100000,0x00000007ba180000)
 ParOldGen       total 59392K, used 23975K [0x0000000740000000, 0x0000000743a00000, 0x0000000795580000)
  object space 59392K, 40% used [0x0000000740000000,0x0000000741769f38,0x0000000743a00000)
 Metaspace       used 21758K, capacity 22636K, committed 22784K, reserved 1069056K
  class space    used 2717K, capacity 2953K, committed 3072K, reserved 1048576K
Event: 48.927 GC heap after
Heap after GC invocations=431 (full 1):
 PSYoungGen      total 97280K, used 256K [0x0000000795580000, 0x00000007ba180000, 0x00000007c0000000)
  eden space 96768K, 0% used [0x0000000795580000,0x0000000795580000,0x000000079b400000)
  from space 512K, 50% used [0x00000007ba100000,0x00000007ba140000,0x00000007ba180000)
  to   space 512K, 0% used [0x00000007ba080000,0x00000007ba080000,0x00000007ba100000)
 ParOldGen       total 59392K, used 24007K [0x0000000740000000, 0x0000000743a00000, 0x0000000795580000)
  object space 59392K, 40% used [0x0000000740000000,0x0000000741771f38,0x0000000743a00000)
 Metaspace       used 21758K, capacity 22636K, committed 22784K, reserved 1069056K
  class space    used 2717K, capacity 2953K, committed 3072K, reserved 1048576K
}
Event: 49.055 GC heap before
{Heap before GC invocations=432 (full 1):
 PSYoungGen      total 97280K, used 97024K [0x0000000795580000, 0x00000007ba180000, 0x00000007c0000000)
  eden space 96768K, 100% used [0x0000000795580000,0x000000079b400000,0x000000079b400000)
  from space 512K, 50% used [0x00000007ba100000,0x00000007ba140000,0x00000007ba180000)
  to   space 512K, 0% used [0x00000007ba080000,0x00000007ba080000,0x00000007ba100000)
 ParOldGen       total 59392K, used 24007K [0x0000000740000000, 0x0000000743a00000, 0x0000000795580000)
  object space 59392K, 40% used [0x0000000740000000,0x0000000741771f38,0x0000000743a00000)
 Metaspace       used 21758K, capacity 22636K, committed 22784K, reserved 1069056K
  class space    used 2717K, capacity 2953K, committed 3072K, reserved 1048576K
Event: 49.056 GC heap after
Heap after GC invocations=432 (full 1):
 PSYoungGen      total 94208K, used 256K [0x0000000795580000, 0x00000007ba180000, 0x00000007c0000000)
  eden space 93696K, 0% used [0x0000000795580000,0x0000000795580000,0x000000079b100000)
  from space 512K, 50% used [0x00000007ba080000,0x00000007ba0c0000,0x00000007ba100000)
  to   space 512K, 0% used [0x00000007ba100000,0x00000007ba100000,0x00000007ba180000)
 ParOldGen       total 59392K, used 24039K [0x0000000740000000, 0x0000000743a00000, 0x0000000795580000)
  object space 59392K, 40% used [0x0000000740000000,0x0000000741779f38,0x0000000743a00000)
 Metaspace       used 21758K, capacity 22636K, committed 22784K, reserved 1069056K
  class space    used 2717K, capacity 2953K, committed 3072K, reserved 1048576K
}
Event: 49.178 GC heap before
{Heap before GC invocations=433 (full 1):
 PSYoungGen      total 94208K, used 93952K [0x0000000795580000, 0x00000007ba180000, 0x00000007c0000000)
  eden space 93696K, 100% used [0x0000000795580000,0x000000079b100000,0x000000079b100000)
  from space 512K, 50% used [0x00000007ba080000,0x00000007ba0c0000,0x00000007ba100000)
  to   space 512K, 0% used [0x00000007ba100000,0x00000007ba100000,0x00000007ba180000)
 ParOldGen       total 59392K, used 24039K [0x0000000740000000, 0x0000000743a00000, 0x0000000795580000)
  object space 59392K, 40% used [0x0000000740000000,0x0000000741779f38,0x0000000743a00000)
 Metaspace       used 21758K, capacity 22636K, committed 22784K, reserved 1069056K
  class space    used 2718K, capacity 2953K, committed 3072K, reserved 1048576K
Event: 49.179 GC heap after
Heap after GC invocations=433 (full 1):
 PSYoungGen      total 91136K, used 352K [0x0000000795580000, 0x00000007ba180000, 0x00000007c0000000)
  eden space 90624K, 0% used [0x0000000795580000,0x0000000795580000,0x000000079ae00000)
  from space 512K, 68% used [0x00000007ba100000,0x00000007ba158000,0x00000007ba180000)
  to   space 512K, 0% used [0x00000007ba080000,0x00000007ba080000,0x00000007ba100000)
 ParOldGen       total 59392K, used 24087K [0x0000000740000000, 0x0000000743a00000, 0x0000000795580000)
  object space 59392K, 40% used [0x0000000740000000,0x0000000741785f38,0x0000000743a00000)
 Metaspace       used 21758K, capacity 22636K, committed 22784K, reserved 1069056K
  class space    used 2718K, capacity 2953K, committed 3072K, reserved 1048576K
}
Event: 49.308 GC heap before
{Heap before GC invocations=434 (full 1):
 PSYoungGen      total 91136K, used 90976K [0x0000000795580000, 0x00000007ba180000, 0x00000007c0000000)
  eden space 90624K, 100% used [0x0000000795580000,0x000000079ae00000,0x000000079ae00000)
  from space 512K, 68% used [0x00000007ba100000,0x00000007ba158000,0x00000007ba180000)
  to   space 512K, 0% used [0x00000007ba080000,0x00000007ba080000,0x00000007ba100000)
 ParOldGen       total 59392K, used 24087K [0x0000000740000000, 0x0000000743a00000, 0x0000000795580000)
  object space 59392K, 40% used [0x0000000740000000,0x0000000741785f38,0x0000000743a00000)
 Metaspace       used 21761K, capacity 22636K, committed 22784K, reserved 1069056K
  class space    used 2718K, capacity 2953K, committed 3072K, reserved 1048576K
Event: 49.309 GC heap after
Heap after GC invocations=434 (full 1):
 PSYoungGen      total 88064K, used 288K [0x0000000795580000, 0x00000007ba180000, 0x00000007c0000000)
  eden space 87552K, 0% used [0x0000000795580000,0x0000000795580000,0x000000079ab00000)
  from space 512K, 56% used [0x00000007ba080000,0x00000007ba0c8000,0x00000007ba100000)
  to   space 512K, 0% used [0x00000007ba100000,0x00000007ba100000,0x00000007ba180000)
 ParOldGen       total 59392K, used 24151K [0x0000000740000000, 0x0000000743a00000, 0x0000000795580000)
  object space 59392K, 40% used [0x0000000740000000,0x0000000741795f38,0x0000000743a00000)
 Metaspace       used 21761K, capacity 22636K, committed 22784K, reserved 1069056K
  class space    used 2718K, capacity 2953K, committed 3072K, reserved 1048576K
}

Deoptimization events (10 events):
Event: 38.578 Thread 0x00007ff1428b5000 Uncommon trap: reason=bimorphic action=maybe_recompile pc=0x000000011340cfac method=javafx.scene.Node.updateLocalToParentTransform()V @ 11
Event: 38.704 Thread 0x00007ff1428b5000 Uncommon trap: reason=unstable_if action=reinterpret pc=0x00000001135a3db8 method=sun.misc.FloatingDecimal$BinaryToASCIIBuffer.dtoa(IJIZ)V @ 116
Event: 39.276 Thread 0x00007ff1428b5000 Uncommon trap: reason=array_check action=maybe_recompile pc=0x00000001136d3f20 method=com.sun.jna.StringArray.read()V @ 99
Event: 39.277 Thread 0x00007ff1428b5000 Uncommon trap: reason=array_check action=maybe_recompile pc=0x00000001136d3f20 method=com.sun.jna.StringArray.read()V @ 99
Event: 39.277 Thread 0x00007ff1428b5000 Uncommon trap: reason=array_check action=maybe_recompile pc=0x00000001136d3f20 method=com.sun.jna.StringArray.read()V @ 99
Event: 39.278 Thread 0x00007ff1428b5000 Uncommon trap: reason=array_check action=maybe_recompile pc=0x00000001136d3f20 method=com.sun.jna.StringArray.read()V @ 99
Event: 41.192 Thread 0x00007ff1428b5000 Uncommon trap: reason=array_check action=maybe_recompile pc=0x000000011394441c method=java.util.stream.Nodes$FixedNodeBuilder.accept(Ljava/lang/Object;)V @ 28
Event: 41.192 Thread 0x00007ff1428b5000 Uncommon trap: reason=array_check action=maybe_recompile pc=0x000000011394441c method=java.util.stream.Nodes$FixedNodeBuilder.accept(Ljava/lang/Object;)V @ 28
Event: 41.193 Thread 0x00007ff1428b5000 Uncommon trap: reason=array_check action=maybe_recompile pc=0x000000011394441c method=java.util.stream.Nodes$FixedNodeBuilder.accept(Ljava/lang/Object;)V @ 28
Event: 41.193 Thread 0x00007ff1428b5000 Uncommon trap: reason=array_check action=maybe_recompile pc=0x000000011394441c method=java.util.stream.Nodes$FixedNodeBuilder.accept(Ljava/lang/Object;)V @ 28

Classes redefined (0 events):
No events

Internal exceptions (10 events):
Event: 37.398 Thread 0x00007ff1428b5000 Exception <a 'java/lang/UnsatisfiedLinkError': dlopen(libcudart.dylib, 9): image not found> (0x0000000795fe7f50) thrown at [/System/Volumes/Data/jenkins/workspace/8-2-build-macosx-x86_64/jdk8u291/1294/hotspot/src/share/vm/prims/jni.cpp, line 737]
Event: 37.403 Thread 0x00007ff1428b5000 Implicit null exception at 0x000000011300e976 to 0x000000011300ed21
Event: 38.018 Thread 0x00007ff1428b5000 Exception <a 'java/lang/NoSuchMethodError': java.lang.Object.lambda$toArray$0([FI)Ljava/lang/Float;> (0x0000000799468388) thrown at [/System/Volumes/Data/jenkins/workspace/8-2-build-macosx-x86_64/jdk8u291/1294/hotspot/src/share/vm/interpreter/linkResolver
Event: 38.019 Thread 0x00007ff1428b5000 Exception <a 'java/lang/NoSuchMethodError': java.lang.Object.lambda$toArray$1(I)[Ljava/lang/Number;> (0x000000079946c100) thrown at [/System/Volumes/Data/jenkins/workspace/8-2-build-macosx-x86_64/jdk8u291/1294/hotspot/src/share/vm/interpreter/linkResolver
Event: 38.019 Thread 0x00007ff1428b5000 Implicit null exception at 0x0000000113295e58 to 0x0000000113297d1f
Event: 38.020 Thread 0x00007ff1428b5000 Implicit null exception at 0x000000011328de2c to 0x000000011328f836
Event: 38.037 Thread 0x00007ff1428b5000 Exception <a 'java/lang/NoSuchMethodError': java.lang.Object.lambda$static$0(Lai/djl/ndarray/NDManager;Lai/djl/ndarray/types/Shape;Lai/djl/ndarray/types/DataType;)Lai/djl/ndarray/NDArray;> (0x000000079a7d03e0) thrown at [/System/Volumes/Data/jenkins/works
Event: 38.038 Thread 0x00007ff1428b5000 Exception <a 'java/lang/NoSuchMethodError': java.lang.Object.lambda$static$1(Lai/djl/ndarray/NDManager;Lai/djl/ndarray/types/Shape;Lai/djl/ndarray/types/DataType;)Lai/djl/ndarray/NDArray;> (0x000000079a7d3378) thrown at [/System/Volumes/Data/jenkins/works
Event: 38.055 Thread 0x00007ff1428b5000 Implicit null exception at 0x00000001134c0a47 to 0x00000001134c16c1
Event: 38.149 Thread 0x00007ff1428b5000 Exception <a 'java/lang/NoSuchMethodError': java.lang.Object.lambda$toArray$3(I)[Ljava/lang/Integer;> (0x0000000797c33d80) thrown at [/System/Volumes/Data/jenkins/workspace/8-2-build-macosx-x86_64/jdk8u291/1294/hotspot/src/share/vm/interpreter/linkResolve

Events (10 events):
Event: 48.926 Executing VM operation: ParallelGCFailedAllocation
Event: 48.927 Executing VM operation: ParallelGCFailedAllocation done
Event: 49.055 Executing VM operation: ParallelGCFailedAllocation
Event: 49.056 Executing VM operation: ParallelGCFailedAllocation done
Event: 49.093 loading class java/nio/DirectByteBuffer$1
Event: 49.093 loading class java/nio/DirectByteBuffer$1 done
Event: 49.177 Executing VM operation: ParallelGCFailedAllocation
Event: 49.179 Executing VM operation: ParallelGCFailedAllocation done
Event: 49.307 Executing VM operation: ParallelGCFailedAllocation
Event: 49.309 Executing VM operation: ParallelGCFailedAllocation done


Dynamic libraries:
0x00007ffdfff35000 	/Library/Apple/usr/libexec/oah/runtime
0x00007fff352b0000 	/System/Library/Frameworks/Cocoa.framework/Versions/A/Cocoa
0x00007fff22158000 	/System/Library/Frameworks/Security.framework/Versions/A/Security
0x00007fff334ad000 	/System/Library/Frameworks/ApplicationServices.framework/Versions/A/ApplicationServices
0x00007fff2a5fe000 	/usr/lib/libz.1.dylib
0x00007fff2a6ca000 	/usr/lib/libSystem.B.dylib
0x00007fff203e9000 	/System/Library/Frameworks/CoreFoundation.framework/Versions/A/CoreFoundation
0x00007fff210cb000 	/System/Library/Frameworks/Foundation.framework/Versions/C/Foundation
0x00007fff20208000 	/usr/lib/libobjc.A.dylib
0x00007fff22b7f000 	/System/Library/Frameworks/AppKit.framework/Versions/C/AppKit
0x00007fff25a3d000 	/System/Library/Frameworks/CoreData.framework/Versions/A/CoreData
0x00007fff238e2000 	/System/Library/PrivateFrameworks/UIFoundation.framework/Versions/A/UIFoundation
0x00007fff2fe8c000 	/System/Library/PrivateFrameworks/RemoteViewServices.framework/Versions/A/RemoteViewServices
0x00007fff28c19000 	/System/Library/PrivateFrameworks/XCTTargetBootstrap.framework/Versions/A/XCTTargetBootstrap
0x00007fff2b968000 	/usr/lib/libspindump.dylib
0x00007fff23b37000 	/System/Library/Frameworks/UniformTypeIdentifiers.framework/Versions/A/UniformTypeIdentifiers
0x00007fff273ef000 	/usr/lib/libapp_launch_measurement.dylib
0x00007fff273f2000 	/System/Library/PrivateFrameworks/CoreAutoLayout.framework/Versions/A/CoreAutoLayout
0x00007fff2857b000 	/System/Library/Frameworks/Metal.framework/Versions/A/Metal
0x00007fff2926f000 	/usr/lib/liblangid.dylib
0x00007fff28c1d000 	/System/Library/PrivateFrameworks/CoreSVG.framework/Versions/A/CoreSVG
0x00007fff24b1e000 	/System/Library/PrivateFrameworks/SkyLight.framework/Versions/A/SkyLight
0x00007fff24e85000 	/System/Library/Frameworks/CoreGraphics.framework/Versions/A/CoreGraphics
0x00007fff304e3000 	/System/Library/Frameworks/Accelerate.framework/Versions/A/Accelerate
0x00007fff2b3a3000 	/System/Library/PrivateFrameworks/IconServices.framework/Versions/A/IconServices
0x00007fff28560000 	/System/Library/Frameworks/IOSurface.framework/Versions/A/IOSurface
0x00007fff263cf000 	/usr/lib/libDiagnosticMessagesClient.dylib
0x00007fff28c05000 	/System/Library/PrivateFrameworks/DFRFoundation.framework/Versions/A/DFRFoundation
0x00007fff224aa000 	/usr/lib/libicucore.A.dylib
0x00007fff2cead000 	/System/Library/Frameworks/AudioToolbox.framework/Versions/A/AudioToolbox
0x00007fff2c152000 	/System/Library/PrivateFrameworks/DataDetectorsCore.framework/Versions/A/DataDetectorsCore
0x00007fff28905000 	/System/Library/Frameworks/Carbon.framework/Versions/A/Frameworks/HIToolbox.framework/Versions/A/HIToolbox
0x00007fff26e4a000 	/System/Library/Frameworks/QuartzCore.framework/Versions/A/QuartzCore
0x00007fff2fec8000 	/System/Library/Frameworks/Carbon.framework/Versions/A/Frameworks/SpeechRecognition.framework/Versions/A/SpeechRecognition
0x00007fff27157000 	/System/Library/PrivateFrameworks/CoreUI.framework/Versions/A/CoreUI
0x00007fff21ab3000 	/System/Library/Frameworks/CoreAudio.framework/Versions/A/CoreAudio
0x00007fff264ba000 	/System/Library/Frameworks/DiskArbitration.framework/Versions/A/DiskArbitration
0x00007fff2bd62000 	/System/Library/PrivateFrameworks/MultitouchSupport.framework/Versions/A/MultitouchSupport
0x00007fff2c149000 	/System/Library/PrivateFrameworks/InternationalSupport.framework/Versions/A/InternationalSupport
0x00007fff24a92000 	/usr/lib/libenergytrace.dylib
0x00007fff22a78000 	/System/Library/Frameworks/IOKit.framework/Versions/A/IOKit
0x00007fff30215000 	/System/Library/Frameworks/CoreServices.framework/Versions/A/CoreServices
0x00007fff27385000 	/System/Library/PrivateFrameworks/PerformanceAnalysis.framework/Versions/A/PerformanceAnalysis
0x00007fff6cb8b000 	/System/Library/Frameworks/OpenGL.framework/Versions/A/OpenGL
0x00007fff2c1ce000 	/System/Library/PrivateFrameworks/UserActivity.framework/Versions/A/UserActivity
0x00007fff2553f000 	/System/Library/Frameworks/ColorSync.framework/Versions/A/ColorSync
0x00007fff28e86000 	/System/Library/Frameworks/CoreImage.framework/Versions/A/CoreImage
0x00007fff218ca000 	/System/Library/Frameworks/CoreText.framework/Versions/A/CoreText
0x00007fff28c47000 	/System/Library/Frameworks/ImageIO.framework/Versions/A/ImageIO
0x00007fff2a6d0000 	/System/Library/PrivateFrameworks/SoftLinking.framework/Versions/A/SoftLinking
0x00007fff2743b000 	/usr/lib/libxml2.2.dylib
0x00007fff202ce000 	/usr/lib/libc++.1.dylib
0x00007fff2a942000 	/usr/lib/libcompression.dylib
0x00007fff24a93000 	/usr/lib/libMobileGestalt.dylib
0x00007fff2c07c000 	/System/Library/PrivateFrameworks/TextureIO.framework/Versions/A/TextureIO
0x00007fff2b030000 	/usr/lib/libate.dylib
0x00007fff2a6c4000 	/usr/lib/system/libcache.dylib
0x00007fff2a680000 	/usr/lib/system/libcommonCrypto.dylib
0x00007fff2a6aa000 	/usr/lib/system/libcompiler_rt.dylib
0x00007fff2a69f000 	/usr/lib/system/libcopyfile.dylib
0x00007fff200f6000 	/usr/lib/system/libcorecrypto.dylib
0x00007fff201c3000 	/usr/lib/system/libdispatch.dylib
0x00007fff20378000 	/usr/lib/system/libdyld.dylib
0x00007fff2a6bb000 	/usr/lib/system/libkeymgr.dylib
0x00007fff2dc5f000 	/usr/lib/system/liblaunch.dylib
0x00007fff2a65e000 	/usr/lib/system/libmacho.dylib
0x00007fff29e73000 	/usr/lib/system/libquarantine.dylib
0x00007fff2a6b8000 	/usr/lib/system/libremovefile.dylib
0x00007fff24aef000 	/usr/lib/system/libsystem_asl.dylib
0x00007fff200a6000 	/usr/lib/system/libsystem_blocks.dylib
0x00007fff20245000 	/usr/lib/system/libsystem_c.dylib
0x00007fff2a6b2000 	/usr/lib/system/libsystem_collections.dylib
0x00007fff29260000 	/usr/lib/system/libsystem_configuration.dylib
0x00007fff2854f000 	/usr/lib/system/libsystem_containermanager.dylib
0x00007fff2a3f6000 	/usr/lib/system/libsystem_coreservices.dylib
0x00007fff2270c000 	/usr/lib/system/libsystem_darwin.dylib
0x00007fff2a6bc000 	/usr/lib/system/libsystem_dnssd.dylib
0x00007fff20242000 	/usr/lib/system/libsystem_featureflags.dylib
0x00007fff203bd000 	/usr/lib/system/libsystem_info.dylib
0x00007fff2a611000 	/usr/lib/system/libsystem_m.dylib
0x00007fff20196000 	/usr/lib/system/libsystem_malloc.dylib
0x00007fff24a83000 	/usr/lib/system/libsystem_networkextension.dylib
0x00007fff22b27000 	/usr/lib/system/libsystem_notify.dylib
0x00007fff30113000 	/usr/lib/system/libsystem_product_info_filter.dylib
0x00007fff29264000 	/usr/lib/system/libsystem_sandbox.dylib
0x00007fff2a6b5000 	/usr/lib/system/libsystem_secinit.dylib
0x00007fff2033d000 	/usr/lib/system/libsystem_kernel.dylib
0x00007fff203b3000 	/usr/lib/system/libsystem_platform.dylib
0x00007fff2036c000 	/usr/lib/system/libsystem_pthread.dylib
0x00007fff2621d000 	/usr/lib/system/libsystem_symptoms.dylib
0x00007fff200de000 	/usr/lib/system/libsystem_trace.dylib
0x00007fff2a68c000 	/usr/lib/system/libunwind.dylib
0x00007fff200a8000 	/usr/lib/system/libxpc.dylib
0x00007fff20324000 	/usr/lib/libc++abi.dylib
0x00007fff2a697000 	/usr/lib/liboah.dylib
0x00007fff2ad5b000 	/usr/lib/liblzma.5.dylib
0x00007fff20ddf000 	/System/Library/Frameworks/SystemConfiguration.framework/Versions/A/SystemConfiguration
0x00007fff2a6cc000 	/usr/lib/libfakelink.dylib
0x00007fff245e5000 	/System/Library/Frameworks/CFNetwork.framework/Versions/A/CFNetwork
0x00007fff2a80c000 	/usr/lib/libarchive.2.dylib
0x00007fff20e5d000 	/usr/lib/libCRFSuite.dylib
0x00007fff29e9a000 	/usr/lib/libbsm.0.dylib
0x00007fff23fa1000 	/usr/lib/libnetwork.dylib
0x00007fff2a6d1000 	/usr/lib/libpcap.A.dylib
0x00007fff26216000 	/usr/lib/libdns_services.dylib
0x00007fff2ad74000 	/usr/lib/libcoretls_cfhelpers.dylib
0x00007fff2a910000 	/usr/lib/libapple_nghttp2.dylib
0x00007fff2a664000 	/usr/lib/system/libkxld.dylib
0x00007fff25e84000 	/usr/lib/libsqlite3.dylib
0x00007fff2a3d8000 	/System/Library/PrivateFrameworks/AppleFSCompression.framework/Versions/A/AppleFSCompression
0x00007fff29e82000 	/usr/lib/libcoretls.dylib
0x00007fff2a93d000 	/usr/lib/libpam.2.dylib
0x00007fff2ae71000 	/usr/lib/libxar.1.dylib
0x00007fff2926b000 	/System/Library/PrivateFrameworks/AppleSystemInfo.framework/Versions/A/AppleSystemInfo
0x00007fff29ac5000 	/System/Library/PrivateFrameworks/IOMobileFramebuffer.framework/Versions/A/IOMobileFramebuffer
0x00007fff2a3e8000 	/usr/lib/libbz2.1.0.dylib
0x00007fff2a709000 	/usr/lib/libiconv.2.dylib
0x00007fff2a65d000 	/usr/lib/libcharset.1.dylib
0x00007fff273c1000 	/System/Library/Frameworks/CoreServices.framework/Versions/A/Frameworks/FSEvents.framework/Versions/A/FSEvents
0x00007fff22716000 	/System/Library/Frameworks/CoreServices.framework/Versions/A/Frameworks/CarbonCore.framework/Versions/A/CarbonCore
0x00007fff2641f000 	/System/Library/Frameworks/CoreServices.framework/Versions/A/Frameworks/Metadata.framework/Versions/A/Metadata
0x00007fff2a3fb000 	/System/Library/Frameworks/CoreServices.framework/Versions/A/Frameworks/OSServices.framework/Versions/A/OSServices
0x00007fff2a87e000 	/System/Library/Frameworks/CoreServices.framework/Versions/A/Frameworks/SearchKit.framework/Versions/A/SearchKit
0x00007fff261a0000 	/System/Library/Frameworks/CoreServices.framework/Versions/A/Frameworks/AE.framework/Versions/A/AE
0x00007fff20885000 	/System/Library/Frameworks/CoreServices.framework/Versions/A/Frameworks/LaunchServices.framework/Versions/A/LaunchServices
0x00007fff2ad0c000 	/System/Library/Frameworks/CoreServices.framework/Versions/A/Frameworks/DictionaryServices.framework/Versions/A/DictionaryServices
0x00007fff273ca000 	/System/Library/Frameworks/CoreServices.framework/Versions/A/Frameworks/SharedFileList.framework/Versions/A/SharedFileList
0x00007fff29e76000 	/usr/lib/libCheckFix.dylib
0x00007fff24b06000 	/System/Library/PrivateFrameworks/TCC.framework/Versions/A/TCC
0x00007fff29271000 	/System/Library/PrivateFrameworks/CoreNLP.framework/Versions/A/CoreNLP
0x00007fff263d2000 	/System/Library/PrivateFrameworks/MetadataUtilities.framework/Versions/A/MetadataUtilities
0x00007fff20e93000 	/usr/lib/libmecabra.dylib
0x00007fff2a18a000 	/System/Library/Frameworks/MLCompute.framework/Versions/A/MLCompute
0x00007fff29eab000 	/usr/lib/libmecab.dylib
0x00007fff29ef5000 	/usr/lib/libgermantok.dylib
0x00007fff2a8e6000 	/usr/lib/libThaiTokenizer.dylib
0x00007fff2aeac000 	/usr/lib/libChineseTokenizer.dylib
0x00007fff2a93b000 	/System/Library/Frameworks/MetalPerformanceShaders.framework/Versions/A/MetalPerformanceShaders
0x00007fff264c1000 	/System/Library/Frameworks/Accelerate.framework/Versions/A/Frameworks/vImage.framework/Versions/A/vImage
0x00007fff301ee000 	/System/Library/Frameworks/Accelerate.framework/Versions/A/Frameworks/vecLib.framework/Versions/A/vecLib
0x00007fff2aeb7000 	/System/Library/Frameworks/Accelerate.framework/Versions/A/Frameworks/vecLib.framework/Versions/A/libvMisc.dylib
0x00007fff29921000 	/System/Library/Frameworks/Accelerate.framework/Versions/A/Frameworks/vecLib.framework/Versions/A/libvDSP.dylib
0x00007fff20b89000 	/System/Library/Frameworks/Accelerate.framework/Versions/A/Frameworks/vecLib.framework/Versions/A/libBLAS.dylib
0x00007fff2a961000 	/System/Library/Frameworks/Accelerate.framework/Versions/A/Frameworks/vecLib.framework/Versions/A/libLAPACK.dylib
0x00007fff29efb000 	/System/Library/Frameworks/Accelerate.framework/Versions/A/Frameworks/vecLib.framework/Versions/A/libLinearAlgebra.dylib
0x00007fff2a928000 	/System/Library/Frameworks/Accelerate.framework/Versions/A/Frameworks/vecLib.framework/Versions/A/libSparseBLAS.dylib
0x00007fff2a95b000 	/System/Library/Frameworks/Accelerate.framework/Versions/A/Frameworks/vecLib.framework/Versions/A/libQuadrature.dylib
0x00007fff29319000 	/System/Library/Frameworks/Accelerate.framework/Versions/A/Frameworks/vecLib.framework/Versions/A/libBNNS.dylib
0x00007fff20d70000 	/System/Library/Frameworks/Accelerate.framework/Versions/A/Frameworks/vecLib.framework/Versions/A/libSparse.dylib
0x00007fff29204000 	/System/Library/Frameworks/MetalPerformanceShaders.framework/Versions/A/Frameworks/MPSCore.framework/Versions/A/MPSCore
0x00007fff2a347000 	/System/Library/Frameworks/MetalPerformanceShaders.framework/Versions/A/Frameworks/MPSImage.framework/Versions/A/MPSImage
0x00007fff29f12000 	/System/Library/Frameworks/MetalPerformanceShaders.framework/Versions/A/Frameworks/MPSNeuralNetwork.framework/Versions/A/MPSNeuralNetwork
0x00007fff2a2d2000 	/System/Library/Frameworks/MetalPerformanceShaders.framework/Versions/A/Frameworks/MPSMatrix.framework/Versions/A/MPSMatrix
0x00007fff2a13a000 	/System/Library/Frameworks/MetalPerformanceShaders.framework/Versions/A/Frameworks/MPSRayIntersector.framework/Versions/A/MPSRayIntersector
0x00007fff2a309000 	/System/Library/Frameworks/MetalPerformanceShaders.framework/Versions/A/Frameworks/MPSNDArray.framework/Versions/A/MPSNDArray
0x00007fff20ab5000 	/System/Library/PrivateFrameworks/MetalTools.framework/Versions/A/MetalTools
0x00007fff29269000 	/System/Library/PrivateFrameworks/AggregateDictionary.framework/Versions/A/AggregateDictionary
0x00007fff263aa000 	/System/Library/PrivateFrameworks/CoreAnalytics.framework/Versions/A/CoreAnalytics
0x00007fff2a8e8000 	/System/Library/PrivateFrameworks/AppleSauce.framework/Versions/A/AppleSauce
0x00007fff28572000 	/System/Library/PrivateFrameworks/IOAccelerator.framework/Versions/A/IOAccelerator
0x00007fff6cb7f000 	/System/Library/Frameworks/OpenGL.framework/Versions/A/Libraries/libCoreFSCache.dylib
0x00007fff2142f000 	/System/Library/PrivateFrameworks/LanguageModeling.framework/Versions/A/LanguageModeling
0x00007fff29ab2000 	/System/Library/PrivateFrameworks/CoreEmoji.framework/Versions/A/CoreEmoji
0x00007fff29312000 	/System/Library/PrivateFrameworks/LinguisticData.framework/Versions/A/LinguisticData
0x00007fff20d22000 	/System/Library/PrivateFrameworks/Lexicon.framework/Versions/A/Lexicon
0x00007fff2a7fa000 	/usr/lib/libcmph.dylib
0x00007fff273a1000 	/System/Library/Frameworks/OpenDirectory.framework/Versions/A/Frameworks/CFOpenDirectory.framework/Versions/A/CFOpenDirectory
0x00007fff27391000 	/System/Library/Frameworks/OpenDirectory.framework/Versions/A/OpenDirectory
0x00007fff2ad76000 	/System/Library/PrivateFrameworks/APFS.framework/Versions/A/APFS
0x00007fff29dd7000 	/System/Library/Frameworks/SecurityFoundation.framework/Versions/A/SecurityFoundation
0x00007fff2ae7f000 	/usr/lib/libutil.dylib
0x00007fff22a3d000 	/System/Library/PrivateFrameworks/CoreServicesStore.framework/Versions/A/CoreServicesStore
0x00007fff29e6e000 	/System/Library/Frameworks/ServiceManagement.framework/Versions/A/ServiceManagement
0x00007fff2ae83000 	/usr/lib/libxslt.1.dylib
0x00007fff29e64000 	/System/Library/PrivateFrameworks/BackgroundTaskManagement.framework/Versions/A/BackgroundTaskManagement
0x00007fff2bfc7000 	/System/Library/Frameworks/ImageIO.framework/Versions/A/Resources/libRadiance.dylib
0x00007fff2bfd0000 	/System/Library/Frameworks/ImageIO.framework/Versions/A/Resources/libJPEG.dylib
0x00007fff2bf1c000 	/System/Library/Frameworks/ImageIO.framework/Versions/A/Resources/libPng.dylib
0x00007fff2bf43000 	/System/Library/Frameworks/ImageIO.framework/Versions/A/Resources/libTIFF.dylib
0x00007fff2c025000 	/System/Library/Frameworks/ImageIO.framework/Versions/A/Resources/libGIF.dylib
0x00007fff2bc80000 	/System/Library/Frameworks/ImageIO.framework/Versions/A/Resources/libJP2.dylib
0x00007fff2b36a000 	/usr/lib/libexpat.1.dylib
0x00007fff2bc35000 	/System/Library/PrivateFrameworks/AppleJPEG.framework/Versions/A/AppleJPEG
0x00007fff287a8000 	/System/Library/PrivateFrameworks/FontServices.framework/libFontParser.dylib
0x00007fff26154000 	/System/Library/PrivateFrameworks/RunningBoardServices.framework/Versions/A/RunningBoardServices
0x00007fff2bd5e000 	/System/Library/PrivateFrameworks/WatchdogClient.framework/Versions/A/WatchdogClient
0x00007fff2151c000 	/System/Library/Frameworks/CoreDisplay.framework/Versions/A/CoreDisplay
0x00007fff286be000 	/System/Library/Frameworks/CoreMedia.framework/Versions/A/CoreMedia
0x00007fff2751e000 	/System/Library/Frameworks/CoreVideo.framework/Versions/A/CoreVideo
0x00007fff2bd96000 	/System/Library/Frameworks/VideoToolbox.framework/Versions/A/VideoToolbox
0x00007fff260d2000 	/System/Library/PrivateFrameworks/BaseBoard.framework/Versions/A/BaseBoard
0x00007fff2b4af000 	/System/Library/PrivateFrameworks/PersistentConnection.framework/Versions/A/PersistentConnection
0x00007fff25e6d000 	/System/Library/PrivateFrameworks/ProtocolBuffer.framework/Versions/A/ProtocolBuffer
0x00007fff260b9000 	/System/Library/PrivateFrameworks/CommonUtilities.framework/Versions/A/CommonUtilities
0x00007fff2bbca000 	/System/Library/PrivateFrameworks/Bom.framework/Versions/A/Bom
0x00007fff2bfc0000 	/System/Library/PrivateFrameworks/GPUWrangler.framework/Versions/A/GPUWrangler
0x00007fff2bfa3000 	/System/Library/PrivateFrameworks/IOPresentment.framework/Versions/A/IOPresentment
0x00007fff2bfca000 	/System/Library/PrivateFrameworks/DSExternalDisplay.framework/Versions/A/DSExternalDisplay
0x00007fff2c02a000 	/System/Library/PrivateFrameworks/CMCaptureCore.framework/Versions/A/CMCaptureCore
0x00007fff2b94f000 	/System/Library/PrivateFrameworks/AppServerSupport.framework/Versions/A/AppServerSupport
0x00007fff2d9fe000 	/System/Library/PrivateFrameworks/perfdata.framework/Versions/A/perfdata
0x00007fff29dc6000 	/System/Library/PrivateFrameworks/AssertionServices.framework/Versions/A/AssertionServices
0x00007fff21653000 	/System/Library/PrivateFrameworks/AudioToolboxCore.framework/Versions/A/AudioToolboxCore
0x00007fff286a1000 	/System/Library/PrivateFrameworks/caulk.framework/Versions/A/caulk
0x00007fff3d6a9000 	/System/Library/PrivateFrameworks/SystemPolicy.framework/Versions/A/SystemPolicy
0x00007fff2b15f000 	/usr/lib/libIOReport.dylib
0x00007fff2d220000 	/usr/lib/libSMC.dylib
0x00007fff2bee9000 	/usr/lib/libAudioToolboxUtility.dylib
0x00007fff3e013000 	/usr/lib/libmis.dylib
0x00007fff6cbdb000 	/System/Library/Frameworks/OpenGL.framework/Versions/A/Libraries/libGLU.dylib
0x00007fff6cb9e000 	/System/Library/Frameworks/OpenGL.framework/Versions/A/Libraries/libGFXShared.dylib
0x00007fff6cdad000 	/System/Library/Frameworks/OpenGL.framework/Versions/A/Libraries/libGL.dylib
0x00007fff6cba7000 	/System/Library/Frameworks/OpenGL.framework/Versions/A/Libraries/libGLImage.dylib
0x00007fff6cb9b000 	/System/Library/Frameworks/OpenGL.framework/Versions/A/Libraries/libCVMSPluginSupport.dylib
0x00007fff6cb86000 	/System/Library/Frameworks/OpenGL.framework/Versions/A/Libraries/libCoreVMClient.dylib
0x00007fff6e1ee000 	/System/Library/Frameworks/OpenCL.framework/Versions/A/OpenCL
0x00007fff2b4d9000 	/System/Library/PrivateFrameworks/GraphVisualizer.framework/Versions/A/GraphVisualizer
0x00007fff2b4e8000 	/System/Library/PrivateFrameworks/FaceCore.framework/Versions/A/FaceCore
0x00007fff2b904000 	/System/Library/PrivateFrameworks/OTSVG.framework/Versions/A/OTSVG
0x00007fff27115000 	/System/Library/Frameworks/ApplicationServices.framework/Versions/A/Frameworks/ATS.framework/Versions/A/Resources/libFontRegistry.dylib
0x00007fff2b956000 	/System/Library/PrivateFrameworks/FontServices.framework/libhvf.dylib
0x00007fff2b316000 	/System/Library/PrivateFrameworks/AppleVA.framework/Versions/A/AppleVA
0x00007fff2d069000 	/System/Library/Frameworks/ApplicationServices.framework/Versions/A/Frameworks/ATS.framework/Versions/A/ATS
0x00007fff2d37b000 	/System/Library/Frameworks/ApplicationServices.framework/Versions/A/Frameworks/ColorSyncLegacy.framework/Versions/A/ColorSyncLegacy
0x00007fff25636000 	/System/Library/Frameworks/ApplicationServices.framework/Versions/A/Frameworks/HIServices.framework/Versions/A/HIServices
0x00007fff2d360000 	/System/Library/Frameworks/ApplicationServices.framework/Versions/A/Frameworks/LangAnalysis.framework/Versions/A/LangAnalysis
0x00007fff2c034000 	/System/Library/Frameworks/ApplicationServices.framework/Versions/A/Frameworks/PrintCore.framework/Versions/A/PrintCore
0x00007fff2d383000 	/System/Library/Frameworks/ApplicationServices.framework/Versions/A/Frameworks/QD.framework/Versions/A/QD
0x00007fff2d059000 	/System/Library/Frameworks/ApplicationServices.framework/Versions/A/Frameworks/SpeechSynthesis.framework/Versions/A/SpeechSynthesis
0x00007fff2bff5000 	/System/Library/Frameworks/ApplicationServices.framework/Versions/A/Frameworks/ATSUI.framework/Versions/A/ATSUI
0x00007fff2d300000 	/usr/lib/libcups.2.dylib
0x00007fff2d370000 	/System/Library/PrivateFrameworks/NetAuth.framework/Versions/A/NetAuth
0x00007fff2da1a000 	/System/Library/Frameworks/Kerberos.framework/Versions/A/Kerberos
0x00007fff2da2a000 	/System/Library/Frameworks/GSS.framework/Versions/A/GSS
0x00007fff2d0d5000 	/usr/lib/libresolv.9.dylib
0x00007fff2b96b000 	/System/Library/PrivateFrameworks/Heimdal.framework/Versions/A/Heimdal
0x00007fff337ae000 	/System/Library/Frameworks/Kerberos.framework/Versions/A/Libraries/libHeimdalProxy.dylib
0x00007fff26225000 	/System/Library/Frameworks/Network.framework/Versions/A/Network
0x00007fff2b384000 	/usr/lib/libheimdal-asn1.dylib
0x00007fff2da7a000 	/System/Library/PrivateFrameworks/CommonAuth.framework/Versions/A/CommonAuth
0x00007fff2756b000 	/System/Library/PrivateFrameworks/login.framework/Versions/A/Frameworks/loginsupport.framework/Versions/A/loginsupport
0x00007fff2cfde000 	/System/Library/PrivateFrameworks/AudioSession.framework/Versions/A/AudioSession
0x00007fff2d046000 	/usr/lib/libAudioStatistics.dylib
0x00007fff2b411000 	/System/Library/PrivateFrameworks/MediaExperience.framework/Versions/A/MediaExperience
0x00007fff2ce7b000 	/System/Library/PrivateFrameworks/AudioSession.framework/libSessionUtility.dylib
0x00007fff2da0b000 	/usr/lib/libperfcheck.dylib
0x00007fff2d38f000 	/System/Library/PrivateFrameworks/AudioResourceArbitration.framework/Versions/A/AudioResourceArbitration
0x00007fff2b38e000 	/System/Library/PrivateFrameworks/IconFoundation.framework/Versions/A/IconFoundation
0x00007fff2feb8000 	/System/Library/PrivateFrameworks/SpeechRecognitionCore.framework/Versions/A/SpeechRecognitionCore
0x0000000111000000 	/Library/Java/JavaVirtualMachines/jdk1.8.0_291.jdk/Contents/Home/jre/lib/server/libjvm.dylib
0x000000010cd15000 	/Library/Java/JavaVirtualMachines/jdk1.8.0_291.jdk/Contents/Home/jre/lib/libverify.dylib
0x000000010cd3a000 	/Library/Java/JavaVirtualMachines/jdk1.8.0_291.jdk/Contents/Home/jre/lib/libjava.dylib
0x000000010cdb2000 	/Library/Java/JavaVirtualMachines/jdk1.8.0_291.jdk/Contents/Home/jre/lib/libinstrument.dylib
0x000000010ce4f000 	/Library/Java/JavaVirtualMachines/jdk1.8.0_291.jdk/Contents/Home/jre/lib/libzip.dylib
0x000000012938d000 	/Library/Java/JavaVirtualMachines/jdk1.8.0_291.jdk/Contents/Home/jre/lib/libnet.dylib
0x0000000129540000 	/Library/Java/JavaVirtualMachines/jdk1.8.0_291.jdk/Contents/Home/jre/lib/libprism_es2.dylib
0x00007fff229fe000 	/System/Library/PrivateFrameworks/CoreServicesInternal.framework/Versions/A/CoreServicesInternal
0x00007fff6cdb8000 	/System/Library/Frameworks/OpenGL.framework/Versions/A/Resources/GLEngine.bundle/GLEngine
0x00007fff6cc18000 	/System/Library/Frameworks/OpenGL.framework/Versions/A/Libraries/libGLProgrammability.dylib
0x00000001296a4000 	/System/Library/Extensions/AppleMetalOpenGLRenderer.bundle/Contents/MacOS/AppleMetalOpenGLRenderer
0x00007fff6cf34000 	/System/Library/Frameworks/OpenGL.framework/Versions/A/Resources/GLRendererFloat.bundle/GLRendererFloat
0x00000001297f9000 	/System/Library/Extensions/AGXMetal13_3.bundle/Contents/MacOS/AGXMetal13_3
0x00007fff38a71000 	/System/Library/PrivateFrameworks/IOGPU.framework/Versions/A/IOGPU
0x00007fff6a711000 	/System/Library/PrivateFrameworks/GPUCompiler.framework/Versions/31001/Libraries/libmetal_timestamp.dylib
0x000000012ab70000 	/Library/Java/JavaVirtualMachines/jdk1.8.0_291.jdk/Contents/Home/jre/lib/libglass.dylib
0x00007fff3139e000 	/System/Library/Frameworks/FileProvider.framework/Versions/A/FileProvider
0x00007fff2603c000 	/System/Library/Frameworks/Accounts.framework/Versions/A/Accounts
0x00007fff314bf000 	/System/Library/PrivateFrameworks/GenerationalStorage.framework/Versions/A/GenerationalStorage
0x00007fff31e82000 	/System/Library/PrivateFrameworks/CoreSymbolication.framework/Versions/A/CoreSymbolication
0x00007fff30dbd000 	/System/Library/PrivateFrameworks/SymptomDiagnosticReporter.framework/Versions/A/SymptomDiagnosticReporter
0x00007fff2e6c3000 	/System/Library/PrivateFrameworks/AppContainer.framework/Versions/A/AppContainer
0x00007fff23b4a000 	/System/Library/PrivateFrameworks/DesktopServicesPriv.framework/Versions/A/DesktopServicesPriv
0x00007fff22b33000 	/usr/lib/libsandbox.1.dylib
0x00007fff27597000 	/System/Library/PrivateFrameworks/UserManagement.framework/Versions/A/UserManagement
0x00007fff29da3000 	/System/Library/PrivateFrameworks/MobileKeyBag.framework/Versions/A/MobileKeyBag
0x00007fff34818000 	/System/Library/PrivateFrameworks/ChunkingLibrary.framework/Versions/A/ChunkingLibrary
0x00007fff31e45000 	/System/Library/PrivateFrameworks/DebugSymbols.framework/Versions/A/DebugSymbols
0x00007fff2e6d8000 	/System/Library/PrivateFrameworks/SecCodeWrapper.framework/Versions/A/SecCodeWrapper
0x00007fff2b167000 	/System/Library/PrivateFrameworks/CrashReporterSupport.framework/Versions/A/CrashReporterSupport
0x00007fff4859b000 	/System/Library/PrivateFrameworks/OSAnalytics.framework/Versions/A/OSAnalytics
0x00007fff783b3000 	/usr/lib/libRosetta.dylib
0x00007fff331f9000 	/System/Library/PrivateFrameworks/RemoteServiceDiscovery.framework/Versions/A/RemoteServiceDiscovery
0x00007fff52573000 	/System/Library/PrivateFrameworks/Symbolication.framework/Versions/A/Symbolication
0x00007fff33209000 	/System/Library/PrivateFrameworks/RemoteXPC.framework/Versions/A/RemoteXPC
0x00007fff39714000 	/System/Library/PrivateFrameworks/OSAServicesClient.framework/Versions/A/OSAServicesClient
0x00007fff3dff2000 	/System/Library/PrivateFrameworks/MallocStackLogging.framework/Versions/A/MallocStackLogging
0x00007fff2e45a000 	/System/Library/PrivateFrameworks/Sharing.framework/Versions/A/Sharing
0x00007fff32dd6000 	/System/Library/PrivateFrameworks/Apple80211.framework/Versions/A/Apple80211
0x00007fff2a429000 	/System/Library/PrivateFrameworks/AuthKit.framework/Versions/A/AuthKit
0x00007fff29ba3000 	/System/Library/PrivateFrameworks/CoreUtils.framework/Versions/A/CoreUtils
0x00007fff29ad0000 	/System/Library/Frameworks/CoreWLAN.framework/Versions/A/CoreWLAN
0x00007fff2e5a2000 	/System/Library/Frameworks/IOBluetooth.framework/Versions/A/IOBluetooth
0x00007fff32e3a000 	/System/Library/PrivateFrameworks/CoreWiFi.framework/Versions/A/CoreWiFi
0x00007fff2db02000 	/System/Library/PrivateFrameworks/CorePhoneNumbers.framework/Versions/A/CorePhoneNumbers
0x00007fff30ec5000 	/System/Library/PrivateFrameworks/DiskManagement.framework/Versions/A/DiskManagement
0x00007fff30ddb000 	/System/Library/PrivateFrameworks/AppleIDAuthSupport.framework/Versions/A/AppleIDAuthSupport
0x00007fff2dadf000 	/System/Library/PrivateFrameworks/KeychainCircle.framework/Versions/A/KeychainCircle
0x00007fff30e91000 	/System/Library/PrivateFrameworks/MediaKit.framework/Versions/A/MediaKit
0x00007fff30de8000 	/System/Library/Frameworks/DiscRecording.framework/Versions/A/DiscRecording
0x00007fff2b28a000 	/usr/lib/libCoreStorage.dylib
0x00007fff33274000 	/usr/lib/libcsfde.dylib
0x00007fff2e6dc000 	/System/Library/PrivateFrameworks/ProtectedCloudStorage.framework/Versions/A/ProtectedCloudStorage
0x00007fff3326c000 	/System/Library/PrivateFrameworks/EFILogin.framework/Versions/A/EFILogin
0x00007fff33861000 	/System/Library/Frameworks/AudioUnit.framework/Versions/A/AudioUnit
0x00007fff30d5a000 	/System/Library/Frameworks/CoreBluetooth.framework/Versions/A/CoreBluetooth
0x00007fff2b282000 	/usr/lib/libMatch.1.dylib
0x000000012c210000 	/usr/lib/libobjc-trampolines.dylib
0x00007fff41c1f000 	/System/Library/Frameworks/Accelerate.framework/Versions/A/Frameworks/vImage.framework/Versions/A/Libraries/libCGInterfaces.dylib
0x00007fff27299000 	/System/Library/PrivateFrameworks/ViewBridge.framework/Versions/A/ViewBridge
0x000000012db8c000 	/Library/Java/JavaVirtualMachines/jdk1.8.0_291.jdk/Contents/Home/jre/lib/libjavafx_font.dylib
0x000000012dbaf000 	/Library/Java/JavaVirtualMachines/jdk1.8.0_291.jdk/Contents/Home/jre/lib/libnio.dylib
0x00007fff2ba2c000 	/System/Library/PrivateFrameworks/login.framework/Versions/A/login
0x000000012e552000 	/Library/Java/JavaVirtualMachines/jdk1.8.0_291.jdk/Contents/Home/jre/lib/libjsound.dylib
0x00007fff3519e000 	/System/Library/Frameworks/CoreMIDI.framework/Versions/A/CoreMIDI
0x000000012e994000 	/System/Library/Components/CoreAudio.component/Contents/MacOS/CoreAudio
0x00007fff3d81a000 	/System/Library/PrivateFrameworks/AccessibilitySharedSupport.framework/Versions/A/AccessibilitySharedSupport
0x00007fff39763000 	/usr/lib/libAccessibility.dylib
0x00007fff40746000 	/System/Library/PrivateFrameworks/TextInput.framework/Versions/A/TextInput
0x00007fff39753000 	/System/Library/PrivateFrameworks/AXCoreUtilities.framework/Versions/A/AXCoreUtilities
0x00007fff2756e000 	/System/Library/PrivateFrameworks/ApplePushService.framework/Versions/A/ApplePushService
0x00007fff275b5000 	/System/Library/Frameworks/CloudKit.framework/Versions/A/CloudKit
0x00007fff2e1f3000 	/System/Library/PrivateFrameworks/IDS.framework/Versions/A/IDS
0x00007fff30524000 	/System/Library/Frameworks/MediaAccessibility.framework/Versions/A/MediaAccessibility
0x00007fff3511a000 	/System/Library/PrivateFrameworks/ConstantClasses.framework/Versions/A/ConstantClasses
0x00007fff30555000 	/System/Library/PrivateFrameworks/CoreDaemon.framework/Versions/B/CoreDaemon
0x00007fff30550000 	/System/Library/PrivateFrameworks/AppleSRP.framework/Versions/A/AppleSRP
0x00007fff33911000 	/System/Library/PrivateFrameworks/C2.framework/Versions/A/C2
0x00007fff284d1000 	/System/Library/Frameworks/CoreLocation.framework/Versions/A/CoreLocation
0x00007fff3390b000 	/System/Library/Frameworks/PushKit.framework/Versions/A/PushKit
0x00007fff31f40000 	/System/Library/PrivateFrameworks/CoreTime.framework/Versions/A/CoreTime
0x00007fff2e989000 	/System/Library/PrivateFrameworks/GeoServices.framework/Versions/A/GeoServices
0x00007fff2ce52000 	/System/Library/PrivateFrameworks/LocationSupport.framework/Versions/A/LocationSupport
0x00007fff2cde8000 	/System/Library/PrivateFrameworks/IMFoundation.framework/Versions/A/IMFoundation
0x00007fff39065000 	/System/Library/PrivateFrameworks/Marco.framework/Versions/A/Marco
0x00007fff2e2f7000 	/System/Library/PrivateFrameworks/IDSFoundation.framework/Versions/A/IDSFoundation
0x00007fff366e3000 	/System/Library/PrivateFrameworks/Engram.framework/Versions/A/Engram
0x00007fff36690000 	/usr/lib/libtidy.A.dylib
0x000000012f265000 	/Library/Java/JavaVirtualMachines/jdk1.8.0_291.jdk/Contents/Home/jre/lib/libprism_common.dylib
0x000000012faa0000 	/Users/callumkindred/Library/Caches/JNA/temp/jna3665869031761516374.tmp
0x00007fff6fa2f000 	/System/Library/Frameworks/JavaVM.framework/Versions/A/JavaVM
0x0000000140e68000 	/Users/callumkindred/.djl.ai/mxnet/1.7.0-backport-mkl-osx-x86_64/libmxnet.dylib

VM Arguments:
jvm_args: -javaagent:/Applications/IntelliJ IDEA.app/Contents/lib/idea_rt.jar=53572:/Applications/IntelliJ IDEA.app/Contents/bin -Dfile.encoding=UTF-8 
java_command: sample.Main
java_class_path (initial): /Library/Java/JavaVirtualMachines/jdk1.8.0_291.jdk/Contents/Home/jre/lib/charsets.jar:/Library/Java/JavaVirtualMachines/jdk1.8.0_291.jdk/Contents/Home/jre/lib/deploy.jar:/Library/Java/JavaVirtualMachines/jdk1.8.0_291.jdk/Contents/Home/jre/lib/ext/cldrdata.jar:/Library/Java/JavaVirtualMachines/jdk1.8.0_291.jdk/Contents/Home/jre/lib/ext/dnsns.jar:/Library/Java/JavaVirtualMachines/jdk1.8.0_291.jdk/Contents/Home/jre/lib/ext/jaccess.jar:/Library/Java/JavaVirtualMachines/jdk1.8.0_291.jdk/Contents/Home/jre/lib/ext/jfxrt.jar:/Library/Java/JavaVirtualMachines/jdk1.8.0_291.jdk/Contents/Home/jre/lib/ext/localedata.jar:/Library/Java/JavaVirtualMachines/jdk1.8.0_291.jdk/Contents/Home/jre/lib/ext/nashorn.jar:/Library/Java/JavaVirtualMachines/jdk1.8.0_291.jdk/Contents/Home/jre/lib/ext/sunec.jar:/Library/Java/JavaVirtualMachines/jdk1.8.0_291.jdk/Contents/Home/jre/lib/ext/sunjce_provider.jar:/Library/Java/JavaVirtualMachines/jdk1.8.0_291.jdk/Contents/Home/jre/lib/ext/sunpkcs11.jar:/Library/Java/JavaVirtualMachines/jdk1.8.0_291.jdk/Contents/Home/jre/lib/ext/zipfs.jar:/Library/Java/JavaVirtualMachines/jdk1.8.0_291.jdk/Contents/Home/jre/lib/javaws.jar:/Library/Java/JavaVirtualMachines/jdk1.8.0_291.jdk/Contents/Home/jre/lib/jce.jar:/Library/Java/JavaVirtualMachines/jdk1.8.0_291.jdk/Contents/Home/jre/lib/jfr.jar:/Library/Java/JavaVirtualMachines/jdk1.8.0_291.jdk/Contents/Home/jre/lib/jfxswt.jar:/Library/Java/JavaVirtualMachines/jdk1.8.0_291.jdk/Contents/Home/jre/lib/jsse.jar:/Library/Java/JavaVirtualMachines/jdk1.8.0_291.jdk/Contents/Home/jre/lib/management-agent.jar:/Library/Java/JavaVirtualMachines/jdk1.8.0_291.jdk/Contents/Home/jre/lib/plugin.jar:/Library/Java/JavaVirtualMachines/jdk1.8.0_291.jdk/Contents/Home/jre/lib/resources.jar:/Library/Java/JavaVirtualMachines/jdk1.8.0_291.jdk/Contents/Home/jre/lib/rt.jar:/Library/Java/JavaVirtualMachines/jdk1.8.0_291.jdk/Contents/Home/lib/ant-javafx.jar:/Library/Java/JavaVirtualMachines/jdk1.8.0_291.jdk/Contents/Home
Launcher Type: SUN_STANDARD

Environment Variables:
PATH=/usr/local/bin:/usr/bin:/bin:/usr/sbin:/sbin
SHELL=/bin/zsh

Signal Handlers:
SIGSEGV: [libjvm.dylib+0x59afc1], sa_mask[0]=11111111111111111111111111111111, sa_flags=SA_ONSTACK|SA_RESTART|SA_SIGINFO
SIGBUS: [libjvm.dylib+0x59afc1], sa_mask[0]=11111111111111111111111111111111, sa_flags=SA_RESTART|SA_SIGINFO
SIGFPE: [libjvm.dylib+0x48e907], sa_mask[0]=11111111111111111111111111111111, sa_flags=SA_RESTART|SA_SIGINFO
SIGPIPE: [libjvm.dylib+0x48e907], sa_mask[0]=11111111111111111111111111111111, sa_flags=SA_RESTART|SA_SIGINFO
SIGXFSZ: [libjvm.dylib+0x48e907], sa_mask[0]=11111111111111111111111111111111, sa_flags=SA_RESTART|SA_SIGINFO
SIGILL: [libjvm.dylib+0x48e907], sa_mask[0]=11111111111111111111111111111111, sa_flags=SA_RESTART|SA_SIGINFO
SIGUSR1: SIG_DFL, sa_mask[0]=00000000000000000000000000000000, sa_flags=none
SIGUSR2: [libjvm.dylib+0x48f1f6], sa_mask[0]=00100000000000000000000000000000, sa_flags=SA_RESTART|SA_SIGINFO
SIGHUP: [libjvm.dylib+0x48d453], sa_mask[0]=11111111111111111111111111111111, sa_flags=SA_RESTART|SA_SIGINFO
SIGINT: [libjvm.dylib+0x48d453], sa_mask[0]=11111111111111111111111111111111, sa_flags=SA_RESTART|SA_SIGINFO
SIGTERM: [libjvm.dylib+0x48d453], sa_mask[0]=11111111111111111111111111111111, sa_flags=SA_RESTART|SA_SIGINFO
SIGQUIT: [libjvm.dylib+0x48d453], sa_mask[0]=11111111111111111111111111111111, sa_flags=SA_RESTART|SA_SIGINFO


---------------  S Y S T E M  ---------------

OS:Bsduname:Darwin 20.3.0 Darwin Kernel Version 20.3.0: Thu Jan 21 00:06:51 PST 2021; root:xnu-7195.81.3~1/RELEASE_ARM64_T8101 x86_64
rlimit: STACK 8176k, CORE 0k, NPROC 1333, NOFILE 10240, AS infinity
load average:2.79 2.53 1.84

CPU:total 8 (initial active 8) (1 cores per cpu, 1 threads per core) family 6 model 44 stepping 0, cmov, cx8, fxsr, mmx, sse, sse2, sse3, ssse3, sse4.1, sse4.2, popcnt, aes, clmul, tsc, tscinvbit, tscinv

Memory: 4k page, physical 8388608k(30816k free)

/proc/meminfo:


vm_info: Java HotSpot(TM) 64-Bit Server VM (25.291-b10) for bsd-amd64 JRE (1.8.0_291-b10), built on Apr  8 2021 02:17:24 by "java_re" with gcc 4.2.1 Compatible Apple LLVM 11.0.0 (clang-1100.0.33.17)

time: Sun May 16 16:19:43 2021
timezone: BST
elapsed time: 49.338755 seconds (0d 0h 0m 49s)

