#
# A fatal error has been detected by the Java Runtime Environment:
#
#  SIGSEGV (0xb) at pc=0x0000000132b4e098, pid=28743, tid=0x0000000000000203
#
# JRE version: Java(TM) SE Runtime Environment (8.0_291-b10) (build 1.8.0_291-b10)
# Java VM: Java HotSpot(TM) 64-Bit Server VM (25.291-b10 mixed mode bsd-amd64 compressed oops)
# Problematic frame:
# C  [libmxnet.dylib+0xe098]  mxnet::TShape::Size() const+0xd8
#
# Failed to write core dump. Core dumps have been disabled. To enable core dumping, try "ulimit -c unlimited" before starting Java again
#
# If you would like to submit a bug report, please visit:
#   http://bugreport.java.com/bugreport/crash.jsp
# The crash happened outside the Java Virtual Machine in native code.
# See problematic frame for where to report the bug.
#

---------------  T H R E A D  ---------------

Current thread (0x00007fbd760f1000):  JavaThread "JavaFX Application Thread" [_thread_in_native, id=515, stack(0x0000000308679000,0x0000000308e79000)]

siginfo: si_signo: 11 (SIGSEGV), si_code: 2 (SEGV_ACCERR), si_addr: 0x0000000000000000

Registers:
RAX=0x000000000000003c, RBX=0x0000000000000001, RCX=0x64100adbca5000ef, RDX=0x0000000308e71824
RSP=0x0000000308e71970, RBP=0x0000000308e71ac0, RSI=0x0000000308e71830, RDI=0x0000000308e71828
R8 =0x00007fbd156dc150, R9 =0x00007fbd159e57c0, R10=0x00007fbd15900000, R11=0x00007fbd159e2b90
R12=0x0000000308e71978, R13=0x00000001394d9aed, R14=0x0000000000000000, R15=0x00000000000001e0
RIP=0x0000000132b4e098, EFLAGS=0x0000000000000283, ERR=0x0000000000000004
  TRAPNO=0x000000000000000e

Top of Stack: (sp=0x0000000308e71970)
0x0000000308e71970:   0000000300000000 00007fff2019a95e
0x0000000308e71980:   00007fbd15900000 00000000397d6c28
0x0000000308e71990:   0000000308e719d0 00007fff2019981b
0x0000000308e719a0:   0000000000000005 00000001397d0000
0x0000000308e719b0:   00000001397d6c60 0000000308e719f8
0x0000000308e719c0:   00000001397d6c28 0000000308e71a58
0x0000000308e719d0:   0000000308e71a30 0000000132d5f802
0x0000000308e719e0:   0000000308e719f0 6866866a8e2af55f
0x0000000308e719f0:   000000010a85e080 00000005159bb590
0x0000000308e71a00:   0000000000000001 0000000000000008
0x0000000308e71a10:   0000000000000008 0000000000000000
0x0000000308e71a20:   0000000000000000 000000010a85a000
0x0000000308e71a30:   0000000308e71a60 00007fff20198793
0x0000000308e71a40:   0000000000000008 0000000000000008
0x0000000308e71a50:   0000000000000001 00007fff889c4000
0x0000000308e71a60:   0000000308e71aa0 00007fff201b1dfe
0x0000000308e71a70:   0000000000000000 0000000000000008
0x0000000308e71a80:   0000000308e71cd0 0000000000000000
0x0000000308e71a90:   64100adbca5000ef 0000000000000000
0x0000000308e71aa0:   0000000308e71cd0 00007fbd15c28300
0x0000000308e71ab0:   0000000000000001 00007fbd156dc150
0x0000000308e71ac0:   0000000308e71c70 0000000132be692f
0x0000000308e71ad0:   0000000308e71d2c 0000000308e71d28
0x0000000308e71ae0:   0000000000000001 00007fbd156dc150
0x0000000308e71af0:   0000000000000001 0000000308e71cd0
0x0000000308e71b00:   0000000000000000 0000000308e71d30
0x0000000308e71b10:   00007fbd159e57c0 0000000000000000
0x0000000308e71b20:   0000000308e71cf0 0000000308e71d60
0x0000000308e71b30:   00007fbd159e2a51 00007fbd159e2a51
0x0000000308e71b40:   0000000308e71c30 6866866a8e2af55f
0x0000000308e71b50:   0000000308e71bb0 0000000132bece7a
0x0000000308e71b60:   00007fbd760f1000 5f74636100000000 

Instructions: (pc=0x0000000132b4e098)
0x0000000132b4e078:   4d 8d 3c c6 bb 01 00 00 00 4d 39 fe 0f 84 a0 00
0x0000000132b4e088:   00 00 4c 8d a5 b8 fe ff ff 4c 8d 2d 55 ba 98 06
0x0000000132b4e098:   49 8b 3e e8 80 02 00 00 84 c0 74 25 66 2e 0f 1f
0x0000000132b4e0a8:   84 00 00 00 00 00 66 90 49 0f af 1e 49 83 c6 08 

Register to memory mapping:

RAX=0x000000000000003c is an unknown value
RBX=0x0000000000000001 is an unknown value
RCX=0x64100adbca5000ef is an unknown value
RDX=0x0000000308e71824 is pointing into the stack for thread: 0x00007fbd760f1000
RSP=0x0000000308e71970 is pointing into the stack for thread: 0x00007fbd760f1000
RBP=0x0000000308e71ac0 is pointing into the stack for thread: 0x00007fbd760f1000
RSI=0x0000000308e71830 is pointing into the stack for thread: 0x00007fbd760f1000
RDI=0x0000000308e71828 is pointing into the stack for thread: 0x00007fbd760f1000
R8 =0x00007fbd156dc150 is an unknown value
R9 =0x00007fbd159e57c0 is an unknown value
R10=0x00007fbd15900000 is an unknown value
R11=0x00007fbd159e2b90 is an unknown value
R12=0x0000000308e71978 is pointing into the stack for thread: 0x00007fbd760f1000
R13=0x00000001394d9aed: GCC_except_table13+0x805 in /Users/callumkindred/.djl.ai/mxnet/1.7.0-backport-mkl-osx-x86_64/libmxnet.dylib at 0x0000000132b40000
R14=0x0000000000000000 is an unknown value
R15=0x00000000000001e0 is an unknown value


Stack: [0x0000000308679000,0x0000000308e79000],  sp=0x0000000308e71970,  free space=8162k
Native frames: (J=compiled Java code, j=interpreted, Vv=VM code, C=native code)
C  [libmxnet.dylib+0xe098]  mxnet::TShape::Size() const+0xd8
C  [libmxnet.dylib+0xa692f]  SetNDInputsOutputs(nnvm::Op const*, std::__1::vector<mxnet::NDArray*, std::__1::allocator<mxnet::NDArray*> >*, std::__1::vector<mxnet::NDArray*, std::__1::allocator<mxnet::NDArray*> >*, int, void* const*, int*, int, int, void***)+0xff
C  [libmxnet.dylib+0xa727c]  MXImperativeInvokeImpl(void*, int, void**, int*, void***, int, char const**, char const**)+0x16c
C  [libmxnet.dylib+0xa85cd]  MXImperativeInvokeEx+0xcd
C  [jna3886621476726357996.tmp+0xde74]  ffi_call_unix64+0x4c
C  0x0000000308e72a18

Java frames: (J=compiled Java code, j=interpreted, Vv=VM code)
J 1985  com.sun.jna.Native.invokeInt(Lcom/sun/jna/Function;JI[Ljava/lang/Object;)I (0 bytes) @ 0x000000011146f0a9 [0x000000011146f040+0x69]
J 3203 C2 com.sun.jna.Function.invoke([Ljava/lang/Object;Ljava/lang/Class;ZI)Ljava/lang/Object; (769 bytes) @ 0x000000011182a66c [0x000000011182a540+0x12c]
J 2947 C2 com.sun.jna.Function.invoke(Ljava/lang/reflect/Method;[Ljava/lang/Class;Ljava/lang/Class;[Ljava/lang/Object;Ljava/util/Map;)Ljava/lang/Object; (548 bytes) @ 0x0000000111743868 [0x0000000111742fe0+0x888]
J 3212 C2 com.sun.jna.Library$Handler.invoke(Ljava/lang/Object;Ljava/lang/reflect/Method;[Ljava/lang/Object;)Ljava/lang/Object; (394 bytes) @ 0x0000000111833dec [0x00000001118339c0+0x42c]
J 4348 C2 ai.djl.mxnet.jna.JnaUtils.imperativeInvoke(Lcom/sun/jna/Pointer;Lai/djl/mxnet/jna/PointerArray;Lcom/sun/jna/ptr/PointerByReference;Lai/djl/util/PairList;)Lai/djl/util/PairList; (194 bytes) @ 0x0000000111b9d288 [0x0000000111b9c860+0xa28]
J 4413 C2 ai.djl.mxnet.jna.FunctionInfo.invoke(Lai/djl/mxnet/engine/MxNDManager;Lai/djl/mxnet/jna/PointerArray;Lai/djl/util/PairList;)[Lai/djl/ndarray/NDArray; (52 bytes) @ 0x000000011144b6d4 [0x000000011144b580+0x154]
J 4843 C2 ai.djl.nn.LambdaBlock.forward(Lai/djl/training/ParameterStore;Lai/djl/ndarray/NDList;ZLai/djl/util/PairList;)Lai/djl/ndarray/NDList; (14 bytes) @ 0x000000011177da5c [0x000000011177d340+0x71c]
J 4665 C2 ai.djl.nn.Block.forward(Lai/djl/training/ParameterStore;Lai/djl/ndarray/NDList;Z)Lai/djl/ndarray/NDList; (11 bytes) @ 0x0000000111728c60 [0x0000000111728c20+0x40]
J 3971 C1 ai.djl.nn.SequentialBlock.forward(Lai/djl/training/ParameterStore;Lai/djl/ndarray/NDList;ZLai/djl/util/PairList;)Lai/djl/ndarray/NDList; (58 bytes) @ 0x00000001119f968c [0x00000001119f9260+0x42c]
J 3969 C1 sample.ai.imported.agent.QAgent.chooseAction(Lsample/ai/imported/RlEnv;Z)Lai/djl/ndarray/NDList; (85 bytes) @ 0x0000000111a11a2c [0x0000000111a11720+0x30c]
J 4146 C1 sample.ai.imported.agent.EpsilonGreedy.chooseAction(Lsample/ai/imported/RlEnv;Z)Lai/djl/ndarray/NDList; (64 bytes) @ 0x0000000111ad7ad4 [0x0000000111ad6fc0+0xb14]
J 4145 C1 sample.ai.GameEnv.runEnvironment(Lsample/ai/imported/agent/RlAgent;Z)[Lsample/ai/imported/RlEnv$Step; (83 bytes) @ 0x0000000111ad886c [0x0000000111ad8660+0x20c]
J 4144 C1 sample.ai.TrainCar$1.handle(J)V (27 bytes) @ 0x0000000111ac34ec [0x0000000111ac3400+0xec]
J 4142 C1 javafx.animation.AnimationTimer$AnimationTimerReceiver$$Lambda$223.run()Ljava/lang/Object; (12 bytes) @ 0x0000000111ac3e64 [0x0000000111ac3d00+0x164]
v  ~StubRoutines::call_stub
J 1569  java.security.AccessController.doPrivileged(Ljava/security/PrivilegedAction;Ljava/security/AccessControlContext;)Ljava/lang/Object; (0 bytes) @ 0x0000000111344be3 [0x0000000111344b80+0x63]
J 3885 C1 javafx.animation.AnimationTimer$AnimationTimerReceiver.handle(J)V (39 bytes) @ 0x00000001119b8cf4 [0x00000001119b88e0+0x414]
J 4117 C1 com.sun.scenario.animation.AbstractPrimaryTimer.timePulseImpl(J)V (157 bytes) @ 0x0000000111abdd7c [0x0000000111abd9a0+0x3dc]
J 3852 C1 com.sun.scenario.animation.AbstractPrimaryTimer$MainLoop.run()V (61 bytes) @ 0x00000001119a4f64 [0x00000001119a4c60+0x304]
J 4037 C1 com.sun.javafx.tk.quantum.QuantumToolkit.pulse(Z)V (152 bytes) @ 0x0000000111a4e9e4 [0x0000000111a4db20+0xec4]
J 3750 C1 com.sun.javafx.tk.quantum.QuantumToolkit$$Lambda$44.run()V (8 bytes) @ 0x0000000111371a5c [0x0000000111371780+0x2dc]
J 4019 C1 com.sun.glass.ui.InvokeLaterDispatcher$Future.run()V (91 bytes) @ 0x0000000111a36514 [0x0000000111a36400+0x114]
v  ~StubRoutines::call_stub

---------------  P R O C E S S  ---------------

Java Threads: ( => current thread )
  0x00007fbd769db000 JavaThread "Timer-0" [_thread_blocked, id=165551, stack(0x000000030b51c000,0x000000030b61c000)]
  0x00007fbd77c5a800 JavaThread "PulseTimer-CVDisplayLink thread" daemon [_thread_in_native, id=71723, stack(0x000000030a7e6000,0x000000030a866000)]
  0x00007fbd76630000 JavaThread "Direct Clip" daemon [_thread_blocked, id=60199, stack(0x000000030abf5000,0x000000030acf5000)]
  0x00007fbd7662e000 JavaThread "Thread-9" [_thread_in_Java, id=96003, stack(0x000000030b10a000,0x000000030b20a000)]
  0x00007fbd75300000 JavaThread "Java Sound Event Dispatcher" daemon [_thread_blocked, id=169731, stack(0x000000030adfe000,0x000000030aefe000)]
  0x00007fbd75140800 JavaThread "Attach Listener" daemon [_thread_blocked, id=74875, stack(0x000000030aaf2000,0x000000030abf2000)]
  0x00007fbd7791b800 JavaThread "Prism Font Disposer" daemon [_thread_blocked, id=75323, stack(0x000000030a9ef000,0x000000030aaef000)]
  0x00007fbd76133000 JavaThread "JavaFX-Launcher" [_thread_blocked, id=76211, stack(0x000000030a8ec000,0x000000030a9ec000)]
=>0x00007fbd760f1000 JavaThread "JavaFX Application Thread" [_thread_in_native, id=515, stack(0x0000000308679000,0x0000000308e79000)]
  0x00007fbd76a3a800 JavaThread "Thread-1" daemon [_thread_blocked, id=34115, stack(0x000000030a6e3000,0x000000030a7e3000)]
  0x00007fbd760b3000 JavaThread "QuantumRenderer-0" daemon [_thread_blocked, id=24747, stack(0x000000030a447000,0x000000030a547000)]
  0x00007fbd76055800 JavaThread "Service Thread" daemon [_thread_blocked, id=23567, stack(0x000000030a241000,0x000000030a341000)]
  0x00007fbd7687e000 JavaThread "C1 CompilerThread3" daemon [_thread_blocked, id=22787, stack(0x000000030a13e000,0x000000030a23e000)]
  0x00007fbd77869800 JavaThread "C2 CompilerThread2" daemon [_thread_blocked, id=22275, stack(0x000000030a03b000,0x000000030a13b000)]
  0x00007fbd77868800 JavaThread "C2 CompilerThread1" daemon [_thread_blocked, id=41219, stack(0x0000000309f38000,0x000000030a038000)]
  0x00007fbd77867800 JavaThread "C2 CompilerThread0" daemon [_thread_blocked, id=41987, stack(0x0000000309e35000,0x0000000309f35000)]
  0x00007fbd76069800 JavaThread "Monitor Ctrl-Break" daemon [_thread_in_native, id=42567, stack(0x0000000309d32000,0x0000000309e32000)]
  0x00007fbd76049800 JavaThread "Signal Dispatcher" daemon [_thread_blocked, id=43011, stack(0x0000000309c2f000,0x0000000309d2f000)]
  0x00007fbd7782e000 JavaThread "Finalizer" daemon [_thread_blocked, id=15107, stack(0x0000000309a1e000,0x0000000309b1e000)]
  0x00007fbd76040000 JavaThread "Reference Handler" daemon [_thread_blocked, id=14883, stack(0x000000030991b000,0x0000000309a1b000)]
  0x00007fbd7600b000 JavaThread "main" [_thread_blocked, id=6403, stack(0x0000000308efd000,0x0000000308ffd000)]

Other Threads:
  0x00007fbd7603d000 VMThread [stack: 0x0000000309818000,0x0000000309918000] [id=14339]
  0x00007fbd75085800 WatcherThread [stack: 0x000000030a344000,0x000000030a444000] [id=39971]

VM state:not at safepoint (normal execution)

VM Mutex/Monitor currently owned by a thread: None

heap address: 0x0000000740000000, size: 2048 MB, Compressed Oops mode: Zero based, Oop shift amount: 3
Narrow klass base: 0x0000000000000000, Narrow klass shift: 3
Compressed class space size: 1073741824 Address: 0x00000007c0000000

Heap:
 PSYoungGen      total 695296K, used 30303K [0x0000000795580000, 0x00000007c0000000, 0x00000007c0000000)
  eden space 691712K, 3% used [0x0000000795580000,0x000000079705fc08,0x00000007bf900000)
  from space 3584K, 77% used [0x00000007bf900000,0x00000007bfbb8020,0x00000007bfc80000)
  to   space 3584K, 0% used [0x00000007bfc80000,0x00000007bfc80000,0x00000007c0000000)
 ParOldGen       total 81920K, used 36298K [0x0000000740000000, 0x0000000745000000, 0x0000000795580000)
  object space 81920K, 44% used [0x0000000740000000,0x0000000742372a70,0x0000000745000000)
 Metaspace       used 21767K, capacity 22620K, committed 22656K, reserved 1069056K
  class space    used 2728K, capacity 2933K, committed 2944K, reserved 1048576K

Card table byte_map: [0x000000011fdde000,0x00000001201df000] byte_map_base: 0x000000011c3de000

Marking Bits: (ParMarkBitMap*) 0x000000010f723288
 Begin Bits: [0x000000012048a000, 0x000000012248a000)
 End Bits:   [0x000000012248a000, 0x000000012448a000)

Polling page: 0x000000010a939000

CodeCache: size=245760Kb used=13158Kb max_used=14065Kb free=232601Kb
 bounds [0x0000000110dde000, 0x0000000111bee000, 0x000000011fdde000]
 total_blobs=4726 nmethods=3979 adapters=661
 compilation: enabled

Compilation events (10 events):
Event: 58.850 Thread 0x00007fbd77868800 4864       4       sample.models.Raycaster::convertRot (45 bytes)
Event: 58.851 Thread 0x00007fbd77868800 nmethod 4864 0x0000000111649350 code [0x00000001116494e0, 0x00000001116495b8]
Event: 59.001 Thread 0x00007fbd77867800 4865       4       javafx.scene.Parent::impl_updatePeer (273 bytes)
Event: 59.023 Thread 0x00007fbd77867800 nmethod 4865 0x00000001116f6310 code [0x00000001116f6640, 0x00000001116f7a58]
Event: 59.101 Thread 0x00007fbd77869800 4866       4       com.sun.javafx.sg.prism.NGText::renderText (523 bytes)
Event: 59.104 Thread 0x00007fbd77869800 nmethod 4866 0x0000000111891e10 code [0x0000000111891fa0, 0x0000000111892428]
Event: 59.451 Thread 0x00007fbd77868800 4867       4       java.lang.Object::wait (6 bytes)
Event: 59.451 Thread 0x00007fbd77868800 nmethod 4867 0x0000000111533390 code [0x00000001115334e0, 0x0000000111533568]
Event: 59.935 Thread 0x00007fbd77867800 4868       4       javafx.scene.Scene$MouseHandler::updateCursorFrame (61 bytes)
Event: 59.936 Thread 0x00007fbd77867800 nmethod 4868 0x00000001115330d0 code [0x0000000111533220, 0x00000001115332d8]

GC Heap History (10 events):
Event: 57.960 GC heap before
{Heap before GC invocations=102 (full 1):
 PSYoungGen      total 656896K, used 656384K [0x0000000795580000, 0x00000007bdb80000, 0x00000007c0000000)
  eden space 653824K, 100% used [0x0000000795580000,0x00000007bd400000,0x00000007bd400000)
  from space 3072K, 83% used [0x00000007bd880000,0x00000007bdb00020,0x00000007bdb80000)
  to   space 3072K, 0% used [0x00000007bd580000,0x00000007bd580000,0x00000007bd880000)
 ParOldGen       total 81920K, used 35834K [0x0000000740000000, 0x0000000745000000, 0x0000000795580000)
  object space 81920K, 43% used [0x0000000740000000,0x00000007422fea70,0x0000000745000000)
 Metaspace       used 21767K, capacity 22620K, committed 22656K, reserved 1069056K
  class space    used 2728K, capacity 2933K, committed 2944K, reserved 1048576K
Event: 57.964 GC heap after
Heap after GC invocations=102 (full 1):
 PSYoungGen      total 658432K, used 2752K [0x0000000795580000, 0x00000007c0000000, 0x00000007c0000000)
  eden space 655360K, 0% used [0x0000000795580000,0x0000000795580000,0x00000007bd580000)
  from space 3072K, 89% used [0x00000007bd580000,0x00000007bd830020,0x00000007bd880000)
  to   space 3584K, 0% used [0x00000007bfc80000,0x00000007bfc80000,0x00000007c0000000)
 ParOldGen       total 81920K, used 35938K [0x0000000740000000, 0x0000000745000000, 0x0000000795580000)
  object space 81920K, 43% used [0x0000000740000000,0x0000000742318a70,0x0000000745000000)
 Metaspace       used 21767K, capacity 22620K, committed 22656K, reserved 1069056K
  class space    used 2728K, capacity 2933K, committed 2944K, reserved 1048576K
}
Event: 58.771 GC heap before
{Heap before GC invocations=103 (full 1):
 PSYoungGen      total 658432K, used 658112K [0x0000000795580000, 0x00000007c0000000, 0x00000007c0000000)
  eden space 655360K, 100% used [0x0000000795580000,0x00000007bd580000,0x00000007bd580000)
  from space 3072K, 89% used [0x00000007bd580000,0x00000007bd830020,0x00000007bd880000)
  to   space 3584K, 0% used [0x00000007bfc80000,0x00000007bfc80000,0x00000007c0000000)
 ParOldGen       total 81920K, used 35938K [0x0000000740000000, 0x0000000745000000, 0x0000000795580000)
  object space 81920K, 43% used [0x0000000740000000,0x0000000742318a70,0x0000000745000000)
 Metaspace       used 21767K, capacity 22620K, committed 22656K, reserved 1069056K
  class space    used 2728K, capacity 2933K, committed 2944K, reserved 1048576K
Event: 58.774 GC heap after
Heap after GC invocations=103 (full 1):
 PSYoungGen      total 695296K, used 2912K [0x0000000795580000, 0x00000007c0000000, 0x00000007c0000000)
  eden space 691712K, 0% used [0x0000000795580000,0x0000000795580000,0x00000007bf900000)
  from space 3584K, 81% used [0x00000007bfc80000,0x00000007bff58020,0x00000007c0000000)
  to   space 3584K, 0% used [0x00000007bf900000,0x00000007bf900000,0x00000007bfc80000)
 ParOldGen       total 81920K, used 36034K [0x0000000740000000, 0x0000000745000000, 0x0000000795580000)
  object space 81920K, 43% used [0x0000000740000000,0x0000000742330a70,0x0000000745000000)
 Metaspace       used 21767K, capacity 22620K, committed 22656K, reserved 1069056K
  class space    used 2728K, capacity 2933K, committed 2944K, reserved 1048576K
}
Event: 59.484 GC heap before
{Heap before GC invocations=104 (full 1):
 PSYoungGen      total 695296K, used 694624K [0x0000000795580000, 0x00000007c0000000, 0x00000007c0000000)
  eden space 691712K, 100% used [0x0000000795580000,0x00000007bf900000,0x00000007bf900000)
  from space 3584K, 81% used [0x00000007bfc80000,0x00000007bff58020,0x00000007c0000000)
  to   space 3584K, 0% used [0x00000007bf900000,0x00000007bf900000,0x00000007bfc80000)
 ParOldGen       total 81920K, used 36034K [0x0000000740000000, 0x0000000745000000, 0x0000000795580000)
  object space 81920K, 43% used [0x0000000740000000,0x0000000742330a70,0x0000000745000000)
 Metaspace       used 21767K, capacity 22620K, committed 22656K, reserved 1069056K
  class space    used 2728K, capacity 2933K, committed 2944K, reserved 1048576K
Event: 59.488 GC heap after
Heap after GC invocations=104 (full 1):
 PSYoungGen      total 695296K, used 2848K [0x0000000795580000, 0x00000007c0000000, 0x00000007c0000000)
  eden space 691712K, 0% used [0x0000000795580000,0x0000000795580000,0x00000007bf900000)
  from space 3584K, 79% used [0x00000007bf900000,0x00000007bfbc8020,0x00000007bfc80000)
  to   space 3584K, 0% used [0x00000007bfc80000,0x00000007bfc80000,0x00000007c0000000)
 ParOldGen       total 81920K, used 36122K [0x0000000740000000, 0x0000000745000000, 0x0000000795580000)
  object space 81920K, 44% used [0x0000000740000000,0x0000000742346a70,0x0000000745000000)
 Metaspace       used 21767K, capacity 22620K, committed 22656K, reserved 1069056K
  class space    used 2728K, capacity 2933K, committed 2944K, reserved 1048576K
}
Event: 60.183 GC heap before
{Heap before GC invocations=105 (full 1):
 PSYoungGen      total 695296K, used 694560K [0x0000000795580000, 0x00000007c0000000, 0x00000007c0000000)
  eden space 691712K, 100% used [0x0000000795580000,0x00000007bf900000,0x00000007bf900000)
  from space 3584K, 79% used [0x00000007bf900000,0x00000007bfbc8020,0x00000007bfc80000)
  to   space 3584K, 0% used [0x00000007bfc80000,0x00000007bfc80000,0x00000007c0000000)
 ParOldGen       total 81920K, used 36122K [0x0000000740000000, 0x0000000745000000, 0x0000000795580000)
  object space 81920K, 44% used [0x0000000740000000,0x0000000742346a70,0x0000000745000000)
 Metaspace       used 21767K, capacity 22620K, committed 22656K, reserved 1069056K
  class space    used 2728K, capacity 2933K, committed 2944K, reserved 1048576K
Event: 60.186 GC heap after
Heap after GC invocations=105 (full 1):
 PSYoungGen      total 695296K, used 2848K [0x0000000795580000, 0x00000007c0000000, 0x00000007c0000000)
  eden space 691712K, 0% used [0x0000000795580000,0x0000000795580000,0x00000007bf900000)
  from space 3584K, 79% used [0x00000007bfc80000,0x00000007bff48020,0x00000007c0000000)
  to   space 3584K, 0% used [0x00000007bf900000,0x00000007bf900000,0x00000007bfc80000)
 ParOldGen       total 81920K, used 36210K [0x0000000740000000, 0x0000000745000000, 0x0000000795580000)
  object space 81920K, 44% used [0x0000000740000000,0x000000074235ca70,0x0000000745000000)
 Metaspace       used 21767K, capacity 22620K, committed 22656K, reserved 1069056K
  class space    used 2728K, capacity 2933K, committed 2944K, reserved 1048576K
}
Event: 60.833 GC heap before
{Heap before GC invocations=106 (full 1):
 PSYoungGen      total 695296K, used 694560K [0x0000000795580000, 0x00000007c0000000, 0x00000007c0000000)
  eden space 691712K, 100% used [0x0000000795580000,0x00000007bf900000,0x00000007bf900000)
  from space 3584K, 79% used [0x00000007bfc80000,0x00000007bff48020,0x00000007c0000000)
  to   space 3584K, 0% used [0x00000007bf900000,0x00000007bf900000,0x00000007bfc80000)
 ParOldGen       total 81920K, used 36210K [0x0000000740000000, 0x0000000745000000, 0x0000000795580000)
  object space 81920K, 44% used [0x0000000740000000,0x000000074235ca70,0x0000000745000000)
 Metaspace       used 21767K, capacity 22620K, committed 22656K, reserved 1069056K
  class space    used 2728K, capacity 2933K, committed 2944K, reserved 1048576K
Event: 60.836 GC heap after
Heap after GC invocations=106 (full 1):
 PSYoungGen      total 695296K, used 2784K [0x0000000795580000, 0x00000007c0000000, 0x00000007c0000000)
  eden space 691712K, 0% used [0x0000000795580000,0x0000000795580000,0x00000007bf900000)
  from space 3584K, 77% used [0x00000007bf900000,0x00000007bfbb8020,0x00000007bfc80000)
  to   space 3584K, 0% used [0x00000007bfc80000,0x00000007bfc80000,0x00000007c0000000)
 ParOldGen       total 81920K, used 36298K [0x0000000740000000, 0x0000000745000000, 0x0000000795580000)
  object space 81920K, 44% used [0x0000000740000000,0x0000000742372a70,0x0000000745000000)
 Metaspace       used 21767K, capacity 22620K, committed 22656K, reserved 1069056K
  class space    used 2728K, capacity 2933K, committed 2944K, reserved 1048576K
}

Deoptimization events (10 events):
Event: 22.699 Thread 0x00007fbd76336000 Uncommon trap: reason=bimorphic action=maybe_recompile pc=0x000000011194a7ac method=java.util.stream.AbstractPipeline.copyIntoWithCancel(Ljava/util/stream/Sink;Ljava/util/Spliterator;)V @ 19
Event: 22.795 Thread 0x00007fbd76336000 Uncommon trap: reason=unstable_if action=reinterpret pc=0x000000011150bdc8 method=sun.misc.FloatingDecimal$BinaryToASCIIBuffer.dtoa(IJIZ)V @ 116
Event: 28.523 Thread 0x00007fbd760f1000 Uncommon trap: reason=class_check action=maybe_recompile pc=0x000000011184e258 method=javafx.scene.Node.processCSS()V @ 44
Event: 28.525 Thread 0x00007fbd760f1000 Uncommon trap: reason=unstable_if action=reinterpret pc=0x0000000111b7a7d8 method=javafx.geometry.Insets.equals(Ljava/lang/Object;)Z @ 2
Event: 28.525 Thread 0x00007fbd760f1000 Uncommon trap: reason=unstable_if action=reinterpret pc=0x0000000111b8ef20 method=javafx.scene.Parent.clearSizeCache()V @ 4
Event: 28.525 Thread 0x00007fbd760f1000 Uncommon trap: reason=unstable_if action=reinterpret pc=0x0000000111b8d988 method=javafx.scene.Parent.markDirtyLayout(Z)V @ 15
Event: 28.531 Thread 0x00007fbd760f1000 Uncommon trap: reason=class_check action=maybe_recompile pc=0x0000000111a253f8 method=javafx.scene.Parent.layout()V @ 97
Event: 28.532 Thread 0x00007fbd760f1000 Uncommon trap: reason=class_check action=maybe_recompile pc=0x0000000111a25a60 method=javafx.scene.Parent.layout()V @ 55
Event: 28.542 Thread 0x00007fbd760f1000 Uncommon trap: reason=unstable_if action=reinterpret pc=0x000000011160b05c method=com.sun.javafx.sg.prism.NGRegion.hasVisuals()Z @ 17
Event: 28.543 Thread 0x00007fbd760f1000 Uncommon trap: reason=unstable_if action=reinterpret pc=0x0000000111761538 method=com.sun.javafx.sg.prism.NGNode.setTransformedBounds(Lcom/sun/javafx/geom/BaseBounds;Z)V @ 83

Classes redefined (0 events):
No events

Internal exceptions (10 events):
Event: 5.385 Thread 0x00007fbd760f1000 Exception <a 'java/lang/NoSuchMethodError': java.lang.Object.lambda$toArray$1(I)[Ljava/lang/Number;> (0x00000007a22897f0) thrown at [/System/Volumes/Data/jenkins/workspace/8-2-build-macosx-x86_64/jdk8u291/1294/hotspot/src/share/vm/interpreter/linkResolver
Event: 5.386 Thread 0x00007fbd760f1000 Implicit null exception at 0x000000011129295b to 0x000000011129488f
Event: 5.387 Thread 0x00007fbd760f1000 Implicit null exception at 0x000000011128bd74 to 0x000000011128d7d3
Event: 5.387 Thread 0x00007fbd760f1000 Implicit null exception at 0x000000011127b625 to 0x000000011127b938
Event: 5.408 Thread 0x00007fbd760f1000 Exception <a 'java/lang/NoSuchMethodError': java.lang.Object.lambda$static$0(Lai/djl/ndarray/NDManager;Lai/djl/ndarray/types/Shape;Lai/djl/ndarray/types/DataType;)Lai/djl/ndarray/NDArray;> (0x00000007a35c22e0) thrown at [/System/Volumes/Data/jenkins/works
Event: 5.409 Thread 0x00007fbd760f1000 Exception <a 'java/lang/NoSuchMethodError': java.lang.Object.lambda$static$1(Lai/djl/ndarray/NDManager;Lai/djl/ndarray/types/Shape;Lai/djl/ndarray/types/DataType;)Lai/djl/ndarray/NDArray;> (0x00000007a35c5278) thrown at [/System/Volumes/Data/jenkins/works
Event: 5.424 Thread 0x00007fbd760f1000 Implicit null exception at 0x00000001114c9607 to 0x00000001114ca281
Event: 5.500 Thread 0x00007fbd760f1000 Exception <a 'java/lang/NoSuchMethodError': java.lang.Object.lambda$toArray$3(I)[Ljava/lang/Integer;> (0x00000007a5cbaf98) thrown at [/System/Volumes/Data/jenkins/workspace/8-2-build-macosx-x86_64/jdk8u291/1294/hotspot/src/share/vm/interpreter/linkResolve
Event: 19.300 Thread 0x00007fbd760b3000 Implicit null exception at 0x0000000111b084ac to 0x0000000111b084f5
Event: 22.696 Thread 0x00007fbd76336000 Implicit null exception at 0x00000001114ad798 to 0x00000001114adfe5

Events (10 events):
Event: 59.483 Executing VM operation: ParallelGCFailedAllocation
Event: 59.488 Executing VM operation: ParallelGCFailedAllocation done
Event: 60.183 Executing VM operation: ParallelGCFailedAllocation
Event: 60.186 Executing VM operation: ParallelGCFailedAllocation done
Event: 60.190 Executing VM operation: RevokeBias
Event: 60.190 Executing VM operation: RevokeBias done
Event: 60.191 Executing VM operation: RevokeBias
Event: 60.191 Executing VM operation: RevokeBias done
Event: 60.833 Executing VM operation: ParallelGCFailedAllocation
Event: 60.836 Executing VM operation: ParallelGCFailedAllocation done


Dynamic libraries:
0x00007ffdffdc9000 	/Library/Apple/usr/libexec/oah/runtime
0x00007fff352b0000 	/System/Library/Frameworks/Cocoa.framework/Versions/A/Cocoa
0x00007fff22158000 	/System/Library/Frameworks/Security.framework/Versions/A/Security
0x00007fff334ad000 	/System/Library/Frameworks/ApplicationServices.framework/Versions/A/ApplicationServices
0x00007fff2a5fe000 	/usr/lib/libz.1.dylib
0x00007fff2a6ca000 	/usr/lib/libSystem.B.dylib
0x00007fff203e9000 	/System/Library/Frameworks/CoreFoundation.framework/Versions/A/CoreFoundation
0x00007fff210cb000 	/System/Library/Frameworks/Foundation.framework/Versions/C/Foundation
0x00007fff20208000 	/usr/lib/libobjc.A.dylib
0x00007fff22b7f000 	/System/Library/Frameworks/AppKit.framework/Versions/C/AppKit
0x00007fff25a3d000 	/System/Library/Frameworks/CoreData.framework/Versions/A/CoreData
0x00007fff238e2000 	/System/Library/PrivateFrameworks/UIFoundation.framework/Versions/A/UIFoundation
0x00007fff2fe8c000 	/System/Library/PrivateFrameworks/RemoteViewServices.framework/Versions/A/RemoteViewServices
0x00007fff28c19000 	/System/Library/PrivateFrameworks/XCTTargetBootstrap.framework/Versions/A/XCTTargetBootstrap
0x00007fff2b968000 	/usr/lib/libspindump.dylib
0x00007fff23b37000 	/System/Library/Frameworks/UniformTypeIdentifiers.framework/Versions/A/UniformTypeIdentifiers
0x00007fff273ef000 	/usr/lib/libapp_launch_measurement.dylib
0x00007fff273f2000 	/System/Library/PrivateFrameworks/CoreAutoLayout.framework/Versions/A/CoreAutoLayout
0x00007fff2857b000 	/System/Library/Frameworks/Metal.framework/Versions/A/Metal
0x00007fff2926f000 	/usr/lib/liblangid.dylib
0x00007fff28c1d000 	/System/Library/PrivateFrameworks/CoreSVG.framework/Versions/A/CoreSVG
0x00007fff24b1e000 	/System/Library/PrivateFrameworks/SkyLight.framework/Versions/A/SkyLight
0x00007fff24e85000 	/System/Library/Frameworks/CoreGraphics.framework/Versions/A/CoreGraphics
0x00007fff304e3000 	/System/Library/Frameworks/Accelerate.framework/Versions/A/Accelerate
0x00007fff2b3a3000 	/System/Library/PrivateFrameworks/IconServices.framework/Versions/A/IconServices
0x00007fff28560000 	/System/Library/Frameworks/IOSurface.framework/Versions/A/IOSurface
0x00007fff263cf000 	/usr/lib/libDiagnosticMessagesClient.dylib
0x00007fff28c05000 	/System/Library/PrivateFrameworks/DFRFoundation.framework/Versions/A/DFRFoundation
0x00007fff224aa000 	/usr/lib/libicucore.A.dylib
0x00007fff2cead000 	/System/Library/Frameworks/AudioToolbox.framework/Versions/A/AudioToolbox
0x00007fff2c152000 	/System/Library/PrivateFrameworks/DataDetectorsCore.framework/Versions/A/DataDetectorsCore
0x00007fff28905000 	/System/Library/Frameworks/Carbon.framework/Versions/A/Frameworks/HIToolbox.framework/Versions/A/HIToolbox
0x00007fff26e4a000 	/System/Library/Frameworks/QuartzCore.framework/Versions/A/QuartzCore
0x00007fff2fec8000 	/System/Library/Frameworks/Carbon.framework/Versions/A/Frameworks/SpeechRecognition.framework/Versions/A/SpeechRecognition
0x00007fff27157000 	/System/Library/PrivateFrameworks/CoreUI.framework/Versions/A/CoreUI
0x00007fff21ab3000 	/System/Library/Frameworks/CoreAudio.framework/Versions/A/CoreAudio
0x00007fff264ba000 	/System/Library/Frameworks/DiskArbitration.framework/Versions/A/DiskArbitration
0x00007fff2bd62000 	/System/Library/PrivateFrameworks/MultitouchSupport.framework/Versions/A/MultitouchSupport
0x00007fff2c149000 	/System/Library/PrivateFrameworks/InternationalSupport.framework/Versions/A/InternationalSupport
0x00007fff24a92000 	/usr/lib/libenergytrace.dylib
0x00007fff22a78000 	/System/Library/Frameworks/IOKit.framework/Versions/A/IOKit
0x00007fff30215000 	/System/Library/Frameworks/CoreServices.framework/Versions/A/CoreServices
0x00007fff27385000 	/System/Library/PrivateFrameworks/PerformanceAnalysis.framework/Versions/A/PerformanceAnalysis
0x00007fff6cb8b000 	/System/Library/Frameworks/OpenGL.framework/Versions/A/OpenGL
0x00007fff2c1ce000 	/System/Library/PrivateFrameworks/UserActivity.framework/Versions/A/UserActivity
0x00007fff2553f000 	/System/Library/Frameworks/ColorSync.framework/Versions/A/ColorSync
0x00007fff28e86000 	/System/Library/Frameworks/CoreImage.framework/Versions/A/CoreImage
0x00007fff218ca000 	/System/Library/Frameworks/CoreText.framework/Versions/A/CoreText
0x00007fff28c47000 	/System/Library/Frameworks/ImageIO.framework/Versions/A/ImageIO
0x00007fff2a6d0000 	/System/Library/PrivateFrameworks/SoftLinking.framework/Versions/A/SoftLinking
0x00007fff2743b000 	/usr/lib/libxml2.2.dylib
0x00007fff202ce000 	/usr/lib/libc++.1.dylib
0x00007fff2a942000 	/usr/lib/libcompression.dylib
0x00007fff24a93000 	/usr/lib/libMobileGestalt.dylib
0x00007fff2c07c000 	/System/Library/PrivateFrameworks/TextureIO.framework/Versions/A/TextureIO
0x00007fff2b030000 	/usr/lib/libate.dylib
0x00007fff2a6c4000 	/usr/lib/system/libcache.dylib
0x00007fff2a680000 	/usr/lib/system/libcommonCrypto.dylib
0x00007fff2a6aa000 	/usr/lib/system/libcompiler_rt.dylib
0x00007fff2a69f000 	/usr/lib/system/libcopyfile.dylib
0x00007fff200f6000 	/usr/lib/system/libcorecrypto.dylib
0x00007fff201c3000 	/usr/lib/system/libdispatch.dylib
0x00007fff20378000 	/usr/lib/system/libdyld.dylib
0x00007fff2a6bb000 	/usr/lib/system/libkeymgr.dylib
0x00007fff2dc5f000 	/usr/lib/system/liblaunch.dylib
0x00007fff2a65e000 	/usr/lib/system/libmacho.dylib
0x00007fff29e73000 	/usr/lib/system/libquarantine.dylib
0x00007fff2a6b8000 	/usr/lib/system/libremovefile.dylib
0x00007fff24aef000 	/usr/lib/system/libsystem_asl.dylib
0x00007fff200a6000 	/usr/lib/system/libsystem_blocks.dylib
0x00007fff20245000 	/usr/lib/system/libsystem_c.dylib
0x00007fff2a6b2000 	/usr/lib/system/libsystem_collections.dylib
0x00007fff29260000 	/usr/lib/system/libsystem_configuration.dylib
0x00007fff2854f000 	/usr/lib/system/libsystem_containermanager.dylib
0x00007fff2a3f6000 	/usr/lib/system/libsystem_coreservices.dylib
0x00007fff2270c000 	/usr/lib/system/libsystem_darwin.dylib
0x00007fff2a6bc000 	/usr/lib/system/libsystem_dnssd.dylib
0x00007fff20242000 	/usr/lib/system/libsystem_featureflags.dylib
0x00007fff203bd000 	/usr/lib/system/libsystem_info.dylib
0x00007fff2a611000 	/usr/lib/system/libsystem_m.dylib
0x00007fff20196000 	/usr/lib/system/libsystem_malloc.dylib
0x00007fff24a83000 	/usr/lib/system/libsystem_networkextension.dylib
0x00007fff22b27000 	/usr/lib/system/libsystem_notify.dylib
0x00007fff30113000 	/usr/lib/system/libsystem_product_info_filter.dylib
0x00007fff29264000 	/usr/lib/system/libsystem_sandbox.dylib
0x00007fff2a6b5000 	/usr/lib/system/libsystem_secinit.dylib
0x00007fff2033d000 	/usr/lib/system/libsystem_kernel.dylib
0x00007fff203b3000 	/usr/lib/system/libsystem_platform.dylib
0x00007fff2036c000 	/usr/lib/system/libsystem_pthread.dylib
0x00007fff2621d000 	/usr/lib/system/libsystem_symptoms.dylib
0x00007fff200de000 	/usr/lib/system/libsystem_trace.dylib
0x00007fff2a68c000 	/usr/lib/system/libunwind.dylib
0x00007fff200a8000 	/usr/lib/system/libxpc.dylib
0x00007fff20324000 	/usr/lib/libc++abi.dylib
0x00007fff2a697000 	/usr/lib/liboah.dylib
0x00007fff2ad5b000 	/usr/lib/liblzma.5.dylib
0x00007fff20ddf000 	/System/Library/Frameworks/SystemConfiguration.framework/Versions/A/SystemConfiguration
0x00007fff2a6cc000 	/usr/lib/libfakelink.dylib
0x00007fff245e5000 	/System/Library/Frameworks/CFNetwork.framework/Versions/A/CFNetwork
0x00007fff2a80c000 	/usr/lib/libarchive.2.dylib
0x00007fff20e5d000 	/usr/lib/libCRFSuite.dylib
0x00007fff29e9a000 	/usr/lib/libbsm.0.dylib
0x00007fff23fa1000 	/usr/lib/libnetwork.dylib
0x00007fff2a6d1000 	/usr/lib/libpcap.A.dylib
0x00007fff26216000 	/usr/lib/libdns_services.dylib
0x00007fff2ad74000 	/usr/lib/libcoretls_cfhelpers.dylib
0x00007fff2a910000 	/usr/lib/libapple_nghttp2.dylib
0x00007fff2a664000 	/usr/lib/system/libkxld.dylib
0x00007fff25e84000 	/usr/lib/libsqlite3.dylib
0x00007fff2a3d8000 	/System/Library/PrivateFrameworks/AppleFSCompression.framework/Versions/A/AppleFSCompression
0x00007fff29e82000 	/usr/lib/libcoretls.dylib
0x00007fff2a93d000 	/usr/lib/libpam.2.dylib
0x00007fff2ae71000 	/usr/lib/libxar.1.dylib
0x00007fff2926b000 	/System/Library/PrivateFrameworks/AppleSystemInfo.framework/Versions/A/AppleSystemInfo
0x00007fff29ac5000 	/System/Library/PrivateFrameworks/IOMobileFramebuffer.framework/Versions/A/IOMobileFramebuffer
0x00007fff2a3e8000 	/usr/lib/libbz2.1.0.dylib
0x00007fff2a709000 	/usr/lib/libiconv.2.dylib
0x00007fff2a65d000 	/usr/lib/libcharset.1.dylib
0x00007fff273c1000 	/System/Library/Frameworks/CoreServices.framework/Versions/A/Frameworks/FSEvents.framework/Versions/A/FSEvents
0x00007fff22716000 	/System/Library/Frameworks/CoreServices.framework/Versions/A/Frameworks/CarbonCore.framework/Versions/A/CarbonCore
0x00007fff2641f000 	/System/Library/Frameworks/CoreServices.framework/Versions/A/Frameworks/Metadata.framework/Versions/A/Metadata
0x00007fff2a3fb000 	/System/Library/Frameworks/CoreServices.framework/Versions/A/Frameworks/OSServices.framework/Versions/A/OSServices
0x00007fff2a87e000 	/System/Library/Frameworks/CoreServices.framework/Versions/A/Frameworks/SearchKit.framework/Versions/A/SearchKit
0x00007fff261a0000 	/System/Library/Frameworks/CoreServices.framework/Versions/A/Frameworks/AE.framework/Versions/A/AE
0x00007fff20885000 	/System/Library/Frameworks/CoreServices.framework/Versions/A/Frameworks/LaunchServices.framework/Versions/A/LaunchServices
0x00007fff2ad0c000 	/System/Library/Frameworks/CoreServices.framework/Versions/A/Frameworks/DictionaryServices.framework/Versions/A/DictionaryServices
0x00007fff273ca000 	/System/Library/Frameworks/CoreServices.framework/Versions/A/Frameworks/SharedFileList.framework/Versions/A/SharedFileList
0x00007fff29e76000 	/usr/lib/libCheckFix.dylib
0x00007fff24b06000 	/System/Library/PrivateFrameworks/TCC.framework/Versions/A/TCC
0x00007fff29271000 	/System/Library/PrivateFrameworks/CoreNLP.framework/Versions/A/CoreNLP
0x00007fff263d2000 	/System/Library/PrivateFrameworks/MetadataUtilities.framework/Versions/A/MetadataUtilities
0x00007fff20e93000 	/usr/lib/libmecabra.dylib
0x00007fff2a18a000 	/System/Library/Frameworks/MLCompute.framework/Versions/A/MLCompute
0x00007fff29eab000 	/usr/lib/libmecab.dylib
0x00007fff29ef5000 	/usr/lib/libgermantok.dylib
0x00007fff2a8e6000 	/usr/lib/libThaiTokenizer.dylib
0x00007fff2aeac000 	/usr/lib/libChineseTokenizer.dylib
0x00007fff2a93b000 	/System/Library/Frameworks/MetalPerformanceShaders.framework/Versions/A/MetalPerformanceShaders
0x00007fff264c1000 	/System/Library/Frameworks/Accelerate.framework/Versions/A/Frameworks/vImage.framework/Versions/A/vImage
0x00007fff301ee000 	/System/Library/Frameworks/Accelerate.framework/Versions/A/Frameworks/vecLib.framework/Versions/A/vecLib
0x00007fff2aeb7000 	/System/Library/Frameworks/Accelerate.framework/Versions/A/Frameworks/vecLib.framework/Versions/A/libvMisc.dylib
0x00007fff29921000 	/System/Library/Frameworks/Accelerate.framework/Versions/A/Frameworks/vecLib.framework/Versions/A/libvDSP.dylib
0x00007fff20b89000 	/System/Library/Frameworks/Accelerate.framework/Versions/A/Frameworks/vecLib.framework/Versions/A/libBLAS.dylib
0x00007fff2a961000 	/System/Library/Frameworks/Accelerate.framework/Versions/A/Frameworks/vecLib.framework/Versions/A/libLAPACK.dylib
0x00007fff29efb000 	/System/Library/Frameworks/Accelerate.framework/Versions/A/Frameworks/vecLib.framework/Versions/A/libLinearAlgebra.dylib
0x00007fff2a928000 	/System/Library/Frameworks/Accelerate.framework/Versions/A/Frameworks/vecLib.framework/Versions/A/libSparseBLAS.dylib
0x00007fff2a95b000 	/System/Library/Frameworks/Accelerate.framework/Versions/A/Frameworks/vecLib.framework/Versions/A/libQuadrature.dylib
0x00007fff29319000 	/System/Library/Frameworks/Accelerate.framework/Versions/A/Frameworks/vecLib.framework/Versions/A/libBNNS.dylib
0x00007fff20d70000 	/System/Library/Frameworks/Accelerate.framework/Versions/A/Frameworks/vecLib.framework/Versions/A/libSparse.dylib
0x00007fff29204000 	/System/Library/Frameworks/MetalPerformanceShaders.framework/Versions/A/Frameworks/MPSCore.framework/Versions/A/MPSCore
0x00007fff2a347000 	/System/Library/Frameworks/MetalPerformanceShaders.framework/Versions/A/Frameworks/MPSImage.framework/Versions/A/MPSImage
0x00007fff29f12000 	/System/Library/Frameworks/MetalPerformanceShaders.framework/Versions/A/Frameworks/MPSNeuralNetwork.framework/Versions/A/MPSNeuralNetwork
0x00007fff2a2d2000 	/System/Library/Frameworks/MetalPerformanceShaders.framework/Versions/A/Frameworks/MPSMatrix.framework/Versions/A/MPSMatrix
0x00007fff2a13a000 	/System/Library/Frameworks/MetalPerformanceShaders.framework/Versions/A/Frameworks/MPSRayIntersector.framework/Versions/A/MPSRayIntersector
0x00007fff2a309000 	/System/Library/Frameworks/MetalPerformanceShaders.framework/Versions/A/Frameworks/MPSNDArray.framework/Versions/A/MPSNDArray
0x00007fff20ab5000 	/System/Library/PrivateFrameworks/MetalTools.framework/Versions/A/MetalTools
0x00007fff29269000 	/System/Library/PrivateFrameworks/AggregateDictionary.framework/Versions/A/AggregateDictionary
0x00007fff263aa000 	/System/Library/PrivateFrameworks/CoreAnalytics.framework/Versions/A/CoreAnalytics
0x00007fff2a8e8000 	/System/Library/PrivateFrameworks/AppleSauce.framework/Versions/A/AppleSauce
0x00007fff28572000 	/System/Library/PrivateFrameworks/IOAccelerator.framework/Versions/A/IOAccelerator
0x00007fff6cb7f000 	/System/Library/Frameworks/OpenGL.framework/Versions/A/Libraries/libCoreFSCache.dylib
0x00007fff2142f000 	/System/Library/PrivateFrameworks/LanguageModeling.framework/Versions/A/LanguageModeling
0x00007fff29ab2000 	/System/Library/PrivateFrameworks/CoreEmoji.framework/Versions/A/CoreEmoji
0x00007fff29312000 	/System/Library/PrivateFrameworks/LinguisticData.framework/Versions/A/LinguisticData
0x00007fff20d22000 	/System/Library/PrivateFrameworks/Lexicon.framework/Versions/A/Lexicon
0x00007fff2a7fa000 	/usr/lib/libcmph.dylib
0x00007fff273a1000 	/System/Library/Frameworks/OpenDirectory.framework/Versions/A/Frameworks/CFOpenDirectory.framework/Versions/A/CFOpenDirectory
0x00007fff27391000 	/System/Library/Frameworks/OpenDirectory.framework/Versions/A/OpenDirectory
0x00007fff2ad76000 	/System/Library/PrivateFrameworks/APFS.framework/Versions/A/APFS
0x00007fff29dd7000 	/System/Library/Frameworks/SecurityFoundation.framework/Versions/A/SecurityFoundation
0x00007fff2ae7f000 	/usr/lib/libutil.dylib
0x00007fff22a3d000 	/System/Library/PrivateFrameworks/CoreServicesStore.framework/Versions/A/CoreServicesStore
0x00007fff29e6e000 	/System/Library/Frameworks/ServiceManagement.framework/Versions/A/ServiceManagement
0x00007fff2ae83000 	/usr/lib/libxslt.1.dylib
0x00007fff29e64000 	/System/Library/PrivateFrameworks/BackgroundTaskManagement.framework/Versions/A/BackgroundTaskManagement
0x00007fff2bfc7000 	/System/Library/Frameworks/ImageIO.framework/Versions/A/Resources/libRadiance.dylib
0x00007fff2bfd0000 	/System/Library/Frameworks/ImageIO.framework/Versions/A/Resources/libJPEG.dylib
0x00007fff2bf1c000 	/System/Library/Frameworks/ImageIO.framework/Versions/A/Resources/libPng.dylib
0x00007fff2bf43000 	/System/Library/Frameworks/ImageIO.framework/Versions/A/Resources/libTIFF.dylib
0x00007fff2c025000 	/System/Library/Frameworks/ImageIO.framework/Versions/A/Resources/libGIF.dylib
0x00007fff2bc80000 	/System/Library/Frameworks/ImageIO.framework/Versions/A/Resources/libJP2.dylib
0x00007fff2b36a000 	/usr/lib/libexpat.1.dylib
0x00007fff2bc35000 	/System/Library/PrivateFrameworks/AppleJPEG.framework/Versions/A/AppleJPEG
0x00007fff287a8000 	/System/Library/PrivateFrameworks/FontServices.framework/libFontParser.dylib
0x00007fff26154000 	/System/Library/PrivateFrameworks/RunningBoardServices.framework/Versions/A/RunningBoardServices
0x00007fff2bd5e000 	/System/Library/PrivateFrameworks/WatchdogClient.framework/Versions/A/WatchdogClient
0x00007fff2151c000 	/System/Library/Frameworks/CoreDisplay.framework/Versions/A/CoreDisplay
0x00007fff286be000 	/System/Library/Frameworks/CoreMedia.framework/Versions/A/CoreMedia
0x00007fff2751e000 	/System/Library/Frameworks/CoreVideo.framework/Versions/A/CoreVideo
0x00007fff2bd96000 	/System/Library/Frameworks/VideoToolbox.framework/Versions/A/VideoToolbox
0x00007fff260d2000 	/System/Library/PrivateFrameworks/BaseBoard.framework/Versions/A/BaseBoard
0x00007fff2b4af000 	/System/Library/PrivateFrameworks/PersistentConnection.framework/Versions/A/PersistentConnection
0x00007fff25e6d000 	/System/Library/PrivateFrameworks/ProtocolBuffer.framework/Versions/A/ProtocolBuffer
0x00007fff260b9000 	/System/Library/PrivateFrameworks/CommonUtilities.framework/Versions/A/CommonUtilities
0x00007fff2bbca000 	/System/Library/PrivateFrameworks/Bom.framework/Versions/A/Bom
0x00007fff2bfc0000 	/System/Library/PrivateFrameworks/GPUWrangler.framework/Versions/A/GPUWrangler
0x00007fff2bfa3000 	/System/Library/PrivateFrameworks/IOPresentment.framework/Versions/A/IOPresentment
0x00007fff2bfca000 	/System/Library/PrivateFrameworks/DSExternalDisplay.framework/Versions/A/DSExternalDisplay
0x00007fff2c02a000 	/System/Library/PrivateFrameworks/CMCaptureCore.framework/Versions/A/CMCaptureCore
0x00007fff2b94f000 	/System/Library/PrivateFrameworks/AppServerSupport.framework/Versions/A/AppServerSupport
0x00007fff2d9fe000 	/System/Library/PrivateFrameworks/perfdata.framework/Versions/A/perfdata
0x00007fff29dc6000 	/System/Library/PrivateFrameworks/AssertionServices.framework/Versions/A/AssertionServices
0x00007fff21653000 	/System/Library/PrivateFrameworks/AudioToolboxCore.framework/Versions/A/AudioToolboxCore
0x00007fff286a1000 	/System/Library/PrivateFrameworks/caulk.framework/Versions/A/caulk
0x00007fff3d6a9000 	/System/Library/PrivateFrameworks/SystemPolicy.framework/Versions/A/SystemPolicy
0x00007fff2b15f000 	/usr/lib/libIOReport.dylib
0x00007fff2d220000 	/usr/lib/libSMC.dylib
0x00007fff2bee9000 	/usr/lib/libAudioToolboxUtility.dylib
0x00007fff3e013000 	/usr/lib/libmis.dylib
0x00007fff6cbdb000 	/System/Library/Frameworks/OpenGL.framework/Versions/A/Libraries/libGLU.dylib
0x00007fff6cb9e000 	/System/Library/Frameworks/OpenGL.framework/Versions/A/Libraries/libGFXShared.dylib
0x00007fff6cdad000 	/System/Library/Frameworks/OpenGL.framework/Versions/A/Libraries/libGL.dylib
0x00007fff6cba7000 	/System/Library/Frameworks/OpenGL.framework/Versions/A/Libraries/libGLImage.dylib
0x00007fff6cb9b000 	/System/Library/Frameworks/OpenGL.framework/Versions/A/Libraries/libCVMSPluginSupport.dylib
0x00007fff6cb86000 	/System/Library/Frameworks/OpenGL.framework/Versions/A/Libraries/libCoreVMClient.dylib
0x00007fff6e1ee000 	/System/Library/Frameworks/OpenCL.framework/Versions/A/OpenCL
0x00007fff2b4d9000 	/System/Library/PrivateFrameworks/GraphVisualizer.framework/Versions/A/GraphVisualizer
0x00007fff2b4e8000 	/System/Library/PrivateFrameworks/FaceCore.framework/Versions/A/FaceCore
0x00007fff2b904000 	/System/Library/PrivateFrameworks/OTSVG.framework/Versions/A/OTSVG
0x00007fff27115000 	/System/Library/Frameworks/ApplicationServices.framework/Versions/A/Frameworks/ATS.framework/Versions/A/Resources/libFontRegistry.dylib
0x00007fff2b956000 	/System/Library/PrivateFrameworks/FontServices.framework/libhvf.dylib
0x00007fff2b316000 	/System/Library/PrivateFrameworks/AppleVA.framework/Versions/A/AppleVA
0x00007fff2d069000 	/System/Library/Frameworks/ApplicationServices.framework/Versions/A/Frameworks/ATS.framework/Versions/A/ATS
0x00007fff2d37b000 	/System/Library/Frameworks/ApplicationServices.framework/Versions/A/Frameworks/ColorSyncLegacy.framework/Versions/A/ColorSyncLegacy
0x00007fff25636000 	/System/Library/Frameworks/ApplicationServices.framework/Versions/A/Frameworks/HIServices.framework/Versions/A/HIServices
0x00007fff2d360000 	/System/Library/Frameworks/ApplicationServices.framework/Versions/A/Frameworks/LangAnalysis.framework/Versions/A/LangAnalysis
0x00007fff2c034000 	/System/Library/Frameworks/ApplicationServices.framework/Versions/A/Frameworks/PrintCore.framework/Versions/A/PrintCore
0x00007fff2d383000 	/System/Library/Frameworks/ApplicationServices.framework/Versions/A/Frameworks/QD.framework/Versions/A/QD
0x00007fff2d059000 	/System/Library/Frameworks/ApplicationServices.framework/Versions/A/Frameworks/SpeechSynthesis.framework/Versions/A/SpeechSynthesis
0x00007fff2bff5000 	/System/Library/Frameworks/ApplicationServices.framework/Versions/A/Frameworks/ATSUI.framework/Versions/A/ATSUI
0x00007fff2d300000 	/usr/lib/libcups.2.dylib
0x00007fff2d370000 	/System/Library/PrivateFrameworks/NetAuth.framework/Versions/A/NetAuth
0x00007fff2da1a000 	/System/Library/Frameworks/Kerberos.framework/Versions/A/Kerberos
0x00007fff2da2a000 	/System/Library/Frameworks/GSS.framework/Versions/A/GSS
0x00007fff2d0d5000 	/usr/lib/libresolv.9.dylib
0x00007fff2b96b000 	/System/Library/PrivateFrameworks/Heimdal.framework/Versions/A/Heimdal
0x00007fff337ae000 	/System/Library/Frameworks/Kerberos.framework/Versions/A/Libraries/libHeimdalProxy.dylib
0x00007fff26225000 	/System/Library/Frameworks/Network.framework/Versions/A/Network
0x00007fff2b384000 	/usr/lib/libheimdal-asn1.dylib
0x00007fff2da7a000 	/System/Library/PrivateFrameworks/CommonAuth.framework/Versions/A/CommonAuth
0x00007fff2756b000 	/System/Library/PrivateFrameworks/login.framework/Versions/A/Frameworks/loginsupport.framework/Versions/A/loginsupport
0x00007fff2cfde000 	/System/Library/PrivateFrameworks/AudioSession.framework/Versions/A/AudioSession
0x00007fff2d046000 	/usr/lib/libAudioStatistics.dylib
0x00007fff2b411000 	/System/Library/PrivateFrameworks/MediaExperience.framework/Versions/A/MediaExperience
0x00007fff2ce7b000 	/System/Library/PrivateFrameworks/AudioSession.framework/libSessionUtility.dylib
0x00007fff2da0b000 	/usr/lib/libperfcheck.dylib
0x00007fff2d38f000 	/System/Library/PrivateFrameworks/AudioResourceArbitration.framework/Versions/A/AudioResourceArbitration
0x00007fff2b38e000 	/System/Library/PrivateFrameworks/IconFoundation.framework/Versions/A/IconFoundation
0x00007fff2feb8000 	/System/Library/PrivateFrameworks/SpeechRecognitionCore.framework/Versions/A/SpeechRecognitionCore
0x000000010f000000 	/Library/Java/JavaVirtualMachines/jdk1.8.0_291.jdk/Contents/Home/jre/lib/server/libjvm.dylib
0x000000010a89d000 	/Library/Java/JavaVirtualMachines/jdk1.8.0_291.jdk/Contents/Home/jre/lib/libverify.dylib
0x000000010a8c2000 	/Library/Java/JavaVirtualMachines/jdk1.8.0_291.jdk/Contents/Home/jre/lib/libjava.dylib
0x000000010a93a000 	/Library/Java/JavaVirtualMachines/jdk1.8.0_291.jdk/Contents/Home/jre/lib/libinstrument.dylib
0x000000010a9d7000 	/Library/Java/JavaVirtualMachines/jdk1.8.0_291.jdk/Contents/Home/jre/lib/libzip.dylib
0x0000000126eca000 	/Library/Java/JavaVirtualMachines/jdk1.8.0_291.jdk/Contents/Home/jre/lib/libnet.dylib
0x00000001270d1000 	/Library/Java/JavaVirtualMachines/jdk1.8.0_291.jdk/Contents/Home/jre/lib/libprism_es2.dylib
0x00007fff229fe000 	/System/Library/PrivateFrameworks/CoreServicesInternal.framework/Versions/A/CoreServicesInternal
0x00007fff6cdb8000 	/System/Library/Frameworks/OpenGL.framework/Versions/A/Resources/GLEngine.bundle/GLEngine
0x00007fff6cc18000 	/System/Library/Frameworks/OpenGL.framework/Versions/A/Libraries/libGLProgrammability.dylib
0x00000001271b8000 	/System/Library/Extensions/AppleMetalOpenGLRenderer.bundle/Contents/MacOS/AppleMetalOpenGLRenderer
0x00007fff6cf34000 	/System/Library/Frameworks/OpenGL.framework/Versions/A/Resources/GLRendererFloat.bundle/GLRendererFloat
0x000000012738d000 	/System/Library/Extensions/AGXMetal13_3.bundle/Contents/MacOS/AGXMetal13_3
0x00007fff38a71000 	/System/Library/PrivateFrameworks/IOGPU.framework/Versions/A/IOGPU
0x00007fff6a711000 	/System/Library/PrivateFrameworks/GPUCompiler.framework/Versions/31001/Libraries/libmetal_timestamp.dylib
0x00000001286fa000 	/Library/Java/JavaVirtualMachines/jdk1.8.0_291.jdk/Contents/Home/jre/lib/libglass.dylib
0x00007fff3139e000 	/System/Library/Frameworks/FileProvider.framework/Versions/A/FileProvider
0x00007fff2603c000 	/System/Library/Frameworks/Accounts.framework/Versions/A/Accounts
0x00007fff314bf000 	/System/Library/PrivateFrameworks/GenerationalStorage.framework/Versions/A/GenerationalStorage
0x00007fff31e82000 	/System/Library/PrivateFrameworks/CoreSymbolication.framework/Versions/A/CoreSymbolication
0x00007fff30dbd000 	/System/Library/PrivateFrameworks/SymptomDiagnosticReporter.framework/Versions/A/SymptomDiagnosticReporter
0x00007fff2e6c3000 	/System/Library/PrivateFrameworks/AppContainer.framework/Versions/A/AppContainer
0x00007fff23b4a000 	/System/Library/PrivateFrameworks/DesktopServicesPriv.framework/Versions/A/DesktopServicesPriv
0x00007fff22b33000 	/usr/lib/libsandbox.1.dylib
0x00007fff27597000 	/System/Library/PrivateFrameworks/UserManagement.framework/Versions/A/UserManagement
0x00007fff29da3000 	/System/Library/PrivateFrameworks/MobileKeyBag.framework/Versions/A/MobileKeyBag
0x00007fff34818000 	/System/Library/PrivateFrameworks/ChunkingLibrary.framework/Versions/A/ChunkingLibrary
0x00007fff31e45000 	/System/Library/PrivateFrameworks/DebugSymbols.framework/Versions/A/DebugSymbols
0x00007fff2e6d8000 	/System/Library/PrivateFrameworks/SecCodeWrapper.framework/Versions/A/SecCodeWrapper
0x00007fff2b167000 	/System/Library/PrivateFrameworks/CrashReporterSupport.framework/Versions/A/CrashReporterSupport
0x00007fff4859b000 	/System/Library/PrivateFrameworks/OSAnalytics.framework/Versions/A/OSAnalytics
0x00007fff783b3000 	/usr/lib/libRosetta.dylib
0x00007fff331f9000 	/System/Library/PrivateFrameworks/RemoteServiceDiscovery.framework/Versions/A/RemoteServiceDiscovery
0x00007fff52573000 	/System/Library/PrivateFrameworks/Symbolication.framework/Versions/A/Symbolication
0x00007fff33209000 	/System/Library/PrivateFrameworks/RemoteXPC.framework/Versions/A/RemoteXPC
0x00007fff39714000 	/System/Library/PrivateFrameworks/OSAServicesClient.framework/Versions/A/OSAServicesClient
0x00007fff3dff2000 	/System/Library/PrivateFrameworks/MallocStackLogging.framework/Versions/A/MallocStackLogging
0x00007fff2e45a000 	/System/Library/PrivateFrameworks/Sharing.framework/Versions/A/Sharing
0x00007fff32dd6000 	/System/Library/PrivateFrameworks/Apple80211.framework/Versions/A/Apple80211
0x00007fff2a429000 	/System/Library/PrivateFrameworks/AuthKit.framework/Versions/A/AuthKit
0x00007fff29ba3000 	/System/Library/PrivateFrameworks/CoreUtils.framework/Versions/A/CoreUtils
0x00007fff29ad0000 	/System/Library/Frameworks/CoreWLAN.framework/Versions/A/CoreWLAN
0x00007fff2e5a2000 	/System/Library/Frameworks/IOBluetooth.framework/Versions/A/IOBluetooth
0x00007fff32e3a000 	/System/Library/PrivateFrameworks/CoreWiFi.framework/Versions/A/CoreWiFi
0x00007fff2db02000 	/System/Library/PrivateFrameworks/CorePhoneNumbers.framework/Versions/A/CorePhoneNumbers
0x00007fff30ec5000 	/System/Library/PrivateFrameworks/DiskManagement.framework/Versions/A/DiskManagement
0x00007fff30ddb000 	/System/Library/PrivateFrameworks/AppleIDAuthSupport.framework/Versions/A/AppleIDAuthSupport
0x00007fff2dadf000 	/System/Library/PrivateFrameworks/KeychainCircle.framework/Versions/A/KeychainCircle
0x00007fff30e91000 	/System/Library/PrivateFrameworks/MediaKit.framework/Versions/A/MediaKit
0x00007fff30de8000 	/System/Library/Frameworks/DiscRecording.framework/Versions/A/DiscRecording
0x00007fff2b28a000 	/usr/lib/libCoreStorage.dylib
0x00007fff33274000 	/usr/lib/libcsfde.dylib
0x00007fff2e6dc000 	/System/Library/PrivateFrameworks/ProtectedCloudStorage.framework/Versions/A/ProtectedCloudStorage
0x00007fff3326c000 	/System/Library/PrivateFrameworks/EFILogin.framework/Versions/A/EFILogin
0x00007fff33861000 	/System/Library/Frameworks/AudioUnit.framework/Versions/A/AudioUnit
0x00007fff30d5a000 	/System/Library/Frameworks/CoreBluetooth.framework/Versions/A/CoreBluetooth
0x00007fff2b282000 	/usr/lib/libMatch.1.dylib
0x0000000129d99000 	/usr/lib/libobjc-trampolines.dylib
0x00007fff41c1f000 	/System/Library/Frameworks/Accelerate.framework/Versions/A/Frameworks/vImage.framework/Versions/A/Libraries/libCGInterfaces.dylib
0x00007fff27299000 	/System/Library/PrivateFrameworks/ViewBridge.framework/Versions/A/ViewBridge
0x000000012b761000 	/Library/Java/JavaVirtualMachines/jdk1.8.0_291.jdk/Contents/Home/jre/lib/libjavafx_font.dylib
0x000000012b781000 	/Library/Java/JavaVirtualMachines/jdk1.8.0_291.jdk/Contents/Home/jre/lib/libnio.dylib
0x00007fff2ba2c000 	/System/Library/PrivateFrameworks/login.framework/Versions/A/login
0x000000012c0ff000 	/Library/Java/JavaVirtualMachines/jdk1.8.0_291.jdk/Contents/Home/jre/lib/libjsound.dylib
0x00007fff3519e000 	/System/Library/Frameworks/CoreMIDI.framework/Versions/A/CoreMIDI
0x000000012c55d000 	/System/Library/Components/CoreAudio.component/Contents/MacOS/CoreAudio
0x000000013151c000 	/Library/Java/JavaVirtualMachines/jdk1.8.0_291.jdk/Contents/Home/jre/lib/libprism_common.dylib
0x0000000131624000 	/Users/callumkindred/Library/Caches/JNA/temp/jna3886621476726357996.tmp
0x00007fff6fa2f000 	/System/Library/Frameworks/JavaVM.framework/Versions/A/JavaVM
0x0000000132b40000 	/Users/callumkindred/.djl.ai/mxnet/1.7.0-backport-mkl-osx-x86_64/libmxnet.dylib

VM Arguments:
jvm_args: -javaagent:/Applications/IntelliJ IDEA.app/Contents/lib/idea_rt.jar=64340:/Applications/IntelliJ IDEA.app/Contents/bin -Dfile.encoding=UTF-8 
java_command: sample.Main
java_class_path (initial): /Library/Java/JavaVirtualMachines/jdk1.8.0_291.jdk/Contents/Home/jre/lib/charsets.jar:/Library/Java/JavaVirtualMachines/jdk1.8.0_291.jdk/Contents/Home/jre/lib/deploy.jar:/Library/Java/JavaVirtualMachines/jdk1.8.0_291.jdk/Contents/Home/jre/lib/ext/cldrdata.jar:/Library/Java/JavaVirtualMachines/jdk1.8.0_291.jdk/Contents/Home/jre/lib/ext/dnsns.jar:/Library/Java/JavaVirtualMachines/jdk1.8.0_291.jdk/Contents/Home/jre/lib/ext/jaccess.jar:/Library/Java/JavaVirtualMachines/jdk1.8.0_291.jdk/Contents/Home/jre/lib/ext/jfxrt.jar:/Library/Java/JavaVirtualMachines/jdk1.8.0_291.jdk/Contents/Home/jre/lib/ext/localedata.jar:/Library/Java/JavaVirtualMachines/jdk1.8.0_291.jdk/Contents/Home/jre/lib/ext/nashorn.jar:/Library/Java/JavaVirtualMachines/jdk1.8.0_291.jdk/Contents/Home/jre/lib/ext/sunec.jar:/Library/Java/JavaVirtualMachines/jdk1.8.0_291.jdk/Contents/Home/jre/lib/ext/sunjce_provider.jar:/Library/Java/JavaVirtualMachines/jdk1.8.0_291.jdk/Contents/Home/jre/lib/ext/sunpkcs11.jar:/Library/Java/JavaVirtualMachines/jdk1.8.0_291.jdk/Contents/Home/jre/lib/ext/zipfs.jar:/Library/Java/JavaVirtualMachines/jdk1.8.0_291.jdk/Contents/Home/jre/lib/javaws.jar:/Library/Java/JavaVirtualMachines/jdk1.8.0_291.jdk/Contents/Home/jre/lib/jce.jar:/Library/Java/JavaVirtualMachines/jdk1.8.0_291.jdk/Contents/Home/jre/lib/jfr.jar:/Library/Java/JavaVirtualMachines/jdk1.8.0_291.jdk/Contents/Home/jre/lib/jfxswt.jar:/Library/Java/JavaVirtualMachines/jdk1.8.0_291.jdk/Contents/Home/jre/lib/jsse.jar:/Library/Java/JavaVirtualMachines/jdk1.8.0_291.jdk/Contents/Home/jre/lib/management-agent.jar:/Library/Java/JavaVirtualMachines/jdk1.8.0_291.jdk/Contents/Home/jre/lib/plugin.jar:/Library/Java/JavaVirtualMachines/jdk1.8.0_291.jdk/Contents/Home/jre/lib/resources.jar:/Library/Java/JavaVirtualMachines/jdk1.8.0_291.jdk/Contents/Home/jre/lib/rt.jar:/Library/Java/JavaVirtualMachines/jdk1.8.0_291.jdk/Contents/Home/lib/ant-javafx.jar:/Library/Java/JavaVirtualMachines/jdk1.8.0_291.jdk/Contents/Home
Launcher Type: SUN_STANDARD

Environment Variables:
PATH=/usr/local/bin:/usr/bin:/bin:/usr/sbin:/sbin
SHELL=/bin/zsh

Signal Handlers:
SIGSEGV: [libjvm.dylib+0x59afc1], sa_mask[0]=11111111111111111111111111111111, sa_flags=SA_ONSTACK|SA_RESTART|SA_SIGINFO
SIGBUS: [libjvm.dylib+0x59afc1], sa_mask[0]=11111111111111111111111111111111, sa_flags=SA_RESTART|SA_SIGINFO
SIGFPE: [libjvm.dylib+0x48e907], sa_mask[0]=11111111111111111111111111111111, sa_flags=SA_RESTART|SA_SIGINFO
SIGPIPE: [libjvm.dylib+0x48e907], sa_mask[0]=11111111111111111111111111111111, sa_flags=SA_RESTART|SA_SIGINFO
SIGXFSZ: [libjvm.dylib+0x48e907], sa_mask[0]=11111111111111111111111111111111, sa_flags=SA_RESTART|SA_SIGINFO
SIGILL: [libjvm.dylib+0x48e907], sa_mask[0]=11111111111111111111111111111111, sa_flags=SA_RESTART|SA_SIGINFO
SIGUSR1: SIG_DFL, sa_mask[0]=00000000000000000000000000000000, sa_flags=none
SIGUSR2: [libjvm.dylib+0x48f1f6], sa_mask[0]=00100000000000000000000000000000, sa_flags=SA_RESTART|SA_SIGINFO
SIGHUP: [libjvm.dylib+0x48d453], sa_mask[0]=11111111111111111111111111111111, sa_flags=SA_RESTART|SA_SIGINFO
SIGINT: [libjvm.dylib+0x48d453], sa_mask[0]=11111111111111111111111111111111, sa_flags=SA_RESTART|SA_SIGINFO
SIGTERM: [libjvm.dylib+0x48d453], sa_mask[0]=11111111111111111111111111111111, sa_flags=SA_RESTART|SA_SIGINFO
SIGQUIT: [libjvm.dylib+0x48d453], sa_mask[0]=11111111111111111111111111111111, sa_flags=SA_RESTART|SA_SIGINFO


---------------  S Y S T E M  ---------------

OS:Bsduname:Darwin 20.3.0 Darwin Kernel Version 20.3.0: Thu Jan 21 00:06:51 PST 2021; root:xnu-7195.81.3~1/RELEASE_ARM64_T8101 x86_64
rlimit: STACK 8176k, CORE 0k, NPROC 1333, NOFILE 10240, AS infinity
load average:4.26 4.32 4.35

CPU:total 8 (initial active 8) (1 cores per cpu, 1 threads per core) family 6 model 44 stepping 0, cmov, cx8, fxsr, mmx, sse, sse2, sse3, ssse3, sse4.1, sse4.2, popcnt, aes, clmul, tsc, tscinvbit, tscinv

Memory: 4k page, physical 8388608k(15788k free)

/proc/meminfo:


vm_info: Java HotSpot(TM) 64-Bit Server VM (25.291-b10) for bsd-amd64 JRE (1.8.0_291-b10), built on Apr  8 2021 02:17:24 by "java_re" with gcc 4.2.1 Compatible Apple LLVM 11.0.0 (clang-1100.0.33.17)

time: Sat May 15 12:40:04 2021
timezone: BST
elapsed time: 60.860860 seconds (0d 0h 1m 0s)

